#
# There is insufficient memory for the Java Runtime Environment to continue.
# Native memory allocation (mmap) failed to map 224395264 bytes. Error detail: G1 virtual space
# Possible reasons:
#   The system is out of physical RAM or swap space
#   This process is running with CompressedOops enabled, and the Java Heap may be blocking the growth of the native heap
# Possible solutions:
#   Reduce memory load on the system
#   Increase physical memory or swap space
#   Check if swap backing store is full
#   Decrease Java heap size (-Xmx/-Xms)
#   Decrease number of Java threads
#   Decrease Java thread stack sizes (-Xss)
#   Set larger code cache with -XX:ReservedCodeCacheSize=
#   JVM is running with Unscaled Compressed Oops mode in which the Java heap is
#     placed in the first 4GB address space. The Java Heap base address is the
#     maximum limit for the native heap growth. Please use -XX:HeapBaseMinAddress
#     to set the Java Heap base and to place the Java Heap above 4GB virtual address.
# This output file may be truncated or incomplete.
#
#  Out of Memory Error (os_windows.cpp:3825), pid=7216, tid=2756
#
# JRE version: OpenJDK Runtime Environment (17.0.11) (build 17.0.11+0--11852314)
# Java VM: OpenJDK 64-Bit Server VM (17.0.11+0--11852314, mixed mode, tiered, compressed oops, compressed class ptrs, g1 gc, windows-amd64)
# No core dump will be written. Minidumps are not enabled by default on client versions of Windows
#

---------------  S U M M A R Y ------------

Command Line: --add-opens=java.base/java.util=ALL-UNNAMED --add-opens=java.base/java.lang=ALL-UNNAMED --add-opens=java.base/java.lang.invoke=ALL-UNNAMED --add-opens=java.prefs/java.util.prefs=ALL-UNNAMED --add-opens=java.base/java.nio.charset=ALL-UNNAMED --add-opens=java.base/java.net=ALL-UNNAMED --add-opens=java.base/java.util.concurrent.atomic=ALL-UNNAMED -Xmx2048m -Dfile.encoding=UTF-8 -Duser.country=US -Duser.language=en -Duser.variant -javaagent:C:\Users\Janvi Rathod\.gradle\wrapper\dists\gradle-8.7-bin\bhs2wmbdwecv87pi65oeuq5iu\gradle-8.7\lib\agents\gradle-instrumentation-agent-8.7.jar org.gradle.launcher.daemon.bootstrap.GradleDaemon 8.7

Host: Intel(R) Celeron(R) CPU  N2940  @ 1.83GHz, 4 cores, 1G,  Windows 10 , 64 bit Build 19041 (10.0.19041.4597)
Time: Sat Jul 27 15:01:24 2024 Pacific Daylight Time elapsed time: 668.678783 seconds (0d 0h 11m 8s)

---------------  T H R E A D  ---------------

Current thread (0x000002084f746a90):  VMThread "VM Thread" [stack: 0x0000003a51400000,0x0000003a51500000] [id=2756]

Stack: [0x0000003a51400000,0x0000003a51500000]
Native frames: (J=compiled Java code, j=interpreted, Vv=VM code, C=native code)
V  [jvm.dll+0x687bb9]
V  [jvm.dll+0x84142a]
V  [jvm.dll+0x8430ae]
V  [jvm.dll+0x843713]
V  [jvm.dll+0x24a35f]
V  [jvm.dll+0x684989]
V  [jvm.dll+0x67923a]
V  [jvm.dll+0x30af0b]
V  [jvm.dll+0x3123b6]
V  [jvm.dll+0x361dfe]
V  [jvm.dll+0x36202f]
V  [jvm.dll+0x2e0d38]
V  [jvm.dll+0x2df144]
V  [jvm.dll+0x2de74c]
V  [jvm.dll+0x32305b]
V  [jvm.dll+0x847e0b]
V  [jvm.dll+0x848b42]
V  [jvm.dll+0x84905d]
V  [jvm.dll+0x849434]
V  [jvm.dll+0x849500]
V  [jvm.dll+0x7efa4a]
V  [jvm.dll+0x686a35]
C  [ucrtbase.dll+0x21bb2]
C  [KERNEL32.DLL+0x17374]
C  [ntdll.dll+0x4cc91]

VM_Operation (0x0000003a52af16c0): G1CollectForAllocation, mode: safepoint, requested by thread 0x00000208548d9bb0


---------------  P R O C E S S  ---------------

Threads class SMR info:
_java_thread_list=0x0000020855b11110, length=47, elements={
0x000002083427bab0, 0x000002084f76c290, 0x000002084f76d110, 0x000002084f9f95a0,
0x000002084f9fd080, 0x000002084f9fda40, 0x000002084f9fe400, 0x000002084f9ff1a0,
0x000002084f9ffc50, 0x000002084fa02e00, 0x000002084fac3730, 0x000002084fbfac20,
0x000002084fb88050, 0x00000208547e9e30, 0x0000020855633030, 0x0000020854a7e250,
0x0000020854a7eb00, 0x00000208560bb170, 0x00000208548d9bb0, 0x00000208553ae210,
0x00000208553ae720, 0x00000208553ad2e0, 0x00000208553ab480, 0x00000208553acdd0,
0x00000208553ac3b0, 0x00000208553ac8c0, 0x00000208553abea0, 0x00000208553add00,
0x00000208555928e0, 0x0000020855593300, 0x0000020855594740, 0x0000020855592df0,
0x0000020855595b80, 0x0000020855595160, 0x0000020855596ab0, 0x00000208555914a0,
0x00000208555923d0, 0x0000020855594230, 0x0000020855594c50, 0x0000020855595670,
0x0000020855596090, 0x00000208555965a0, 0x0000020855590060, 0x00000208555979e0,
0x0000020855590570, 0x0000020855591ec0, 0x0000020855590f90
}

Java Threads: ( => current thread )
  0x000002083427bab0 JavaThread "main" [_thread_blocked, id=5164, stack(0x0000003a50e00000,0x0000003a50f00000)]
  0x000002084f76c290 JavaThread "Reference Handler" daemon [_thread_blocked, id=6476, stack(0x0000003a51500000,0x0000003a51600000)]
  0x000002084f76d110 JavaThread "Finalizer" daemon [_thread_blocked, id=12136, stack(0x0000003a51600000,0x0000003a51700000)]
  0x000002084f9f95a0 JavaThread "Signal Dispatcher" daemon [_thread_blocked, id=236, stack(0x0000003a51700000,0x0000003a51800000)]
  0x000002084f9fd080 JavaThread "Attach Listener" daemon [_thread_blocked, id=8800, stack(0x0000003a51800000,0x0000003a51900000)]
  0x000002084f9fda40 JavaThread "Service Thread" daemon [_thread_blocked, id=7276, stack(0x0000003a51900000,0x0000003a51a00000)]
  0x000002084f9fe400 JavaThread "Monitor Deflation Thread" daemon [_thread_blocked, id=7108, stack(0x0000003a51a00000,0x0000003a51b00000)]
  0x000002084f9ff1a0 JavaThread "C2 CompilerThread0" daemon [_thread_blocked, id=8508, stack(0x0000003a51b00000,0x0000003a51c00000)]
  0x000002084f9ffc50 JavaThread "C1 CompilerThread0" daemon [_thread_blocked, id=10368, stack(0x0000003a51c00000,0x0000003a51d00000)]
  0x000002084fa02e00 JavaThread "Sweeper thread" daemon [_thread_blocked, id=2376, stack(0x0000003a51d00000,0x0000003a51e00000)]
  0x000002084fac3730 JavaThread "Common-Cleaner" daemon [_thread_blocked, id=6192, stack(0x0000003a51e00000,0x0000003a51f00000)]
  0x000002084fbfac20 JavaThread "Notification Thread" daemon [_thread_blocked, id=3256, stack(0x0000003a51f00000,0x0000003a52000000)]
  0x000002084fb88050 JavaThread "Daemon health stats" [_thread_blocked, id=11456, stack(0x0000003a52400000,0x0000003a52500000)]
  0x00000208547e9e30 JavaThread "Incoming local TCP Connector on port 50518" [_thread_in_native, id=3728, stack(0x0000003a52500000,0x0000003a52600000)]
  0x0000020855633030 JavaThread "Daemon periodic checks" [_thread_blocked, id=8048, stack(0x0000003a52600000,0x0000003a52700000)]
  0x0000020854a7e250 JavaThread "Daemon" [_thread_blocked, id=876, stack(0x0000003a52700000,0x0000003a52800000)]
  0x0000020854a7eb00 JavaThread "Handler for socket connection from /127.0.0.1:50518 to /127.0.0.1:50519" [_thread_in_native, id=12000, stack(0x0000003a52800000,0x0000003a52900000)]
  0x00000208560bb170 JavaThread "Cancel handler" [_thread_blocked, id=7876, stack(0x0000003a52900000,0x0000003a52a00000)]
  0x00000208548d9bb0 JavaThread "Daemon worker" [_thread_blocked, id=3936, stack(0x0000003a52a00000,0x0000003a52b00000)]
  0x00000208553ae210 JavaThread "Asynchronous log dispatcher for DefaultDaemonConnection: socket connection from /127.0.0.1:50518 to /127.0.0.1:50519" [_thread_blocked, id=5896, stack(0x0000003a52b00000,0x0000003a52c00000)]
  0x00000208553ae720 JavaThread "Daemon client event forwarder" [_thread_blocked, id=12296, stack(0x0000003a52d00000,0x0000003a52e00000)]
  0x00000208553ad2e0 JavaThread "Cache worker for journal cache (C:\Users\Janvi Rathod\.gradle\caches\journal-1)" [_thread_blocked, id=5700, stack(0x0000003a52e00000,0x0000003a52f00000)]
  0x00000208553ab480 JavaThread "File lock request listener" [_thread_in_native, id=9492, stack(0x0000003a52f00000,0x0000003a53000000)]
  0x00000208553acdd0 JavaThread "Cache worker for file hash cache (C:\Users\Janvi Rathod\.gradle\caches\8.7\fileHashes)" [_thread_blocked, id=8620, stack(0x0000003a53000000,0x0000003a53100000)]
  0x00000208553ac3b0 JavaThread "Cache worker for file hash cache (C:\Users\Janvi Rathod\AndroidStudioProjects\pgrentalapp\.gradle\8.7\fileHashes)" [_thread_blocked, id=7300, stack(0x0000003a50d00000,0x0000003a50e00000)]
  0x00000208553ac8c0 JavaThread "File watcher server" daemon [_thread_blocked, id=3128, stack(0x0000003a53400000,0x0000003a53500000)]
  0x00000208553abea0 JavaThread "File watcher consumer" daemon [_thread_blocked, id=6740, stack(0x0000003a53500000,0x0000003a53600000)]
  0x00000208553add00 JavaThread "jar transforms" [_thread_blocked, id=3288, stack(0x0000003a53600000,0x0000003a53700000)]
  0x00000208555928e0 JavaThread "jar transforms Thread 2" [_thread_blocked, id=2532, stack(0x0000003a53700000,0x0000003a53800000)]
  0x0000020855593300 JavaThread "jar transforms Thread 3" [_thread_blocked, id=6024, stack(0x0000003a53800000,0x0000003a53900000)]
  0x0000020855594740 JavaThread "jar transforms Thread 4" [_thread_blocked, id=5864, stack(0x0000003a53900000,0x0000003a53a00000)]
  0x0000020855592df0 JavaThread "Cache worker for checksums cache (C:\Users\Janvi Rathod\AndroidStudioProjects\pgrentalapp\.gradle\8.7\checksums)" [_thread_blocked, id=8912, stack(0x0000003a53a00000,0x0000003a53b00000)]
  0x0000020855595b80 JavaThread "Cache worker for cache directory md-supplier (C:\Users\Janvi Rathod\.gradle\caches\8.7\md-supplier)" [_thread_blocked, id=6684, stack(0x0000003a50b00000,0x0000003a50c00000)]
  0x0000020855595160 JavaThread "Cache worker for cache directory md-rule (C:\Users\Janvi Rathod\.gradle\caches\8.7\md-rule)" [_thread_blocked, id=4736, stack(0x0000003a50c00000,0x0000003a50d00000)]
  0x0000020855596ab0 JavaThread "Cache worker for file content cache (C:\Users\Janvi Rathod\.gradle\caches\8.7\fileContent)" [_thread_blocked, id=2504, stack(0x0000003a53b00000,0x0000003a53c00000)]
  0x00000208555914a0 JavaThread "Unconstrained build operations" [_thread_blocked, id=5624, stack(0x0000003a52c00000,0x0000003a52d00000)]
  0x00000208555923d0 JavaThread "Unconstrained build operations Thread 2" [_thread_blocked, id=12260, stack(0x0000003a53c00000,0x0000003a53d00000)]
  0x0000020855594230 JavaThread "Unconstrained build operations Thread 3" [_thread_blocked, id=9452, stack(0x0000003a53d00000,0x0000003a53e00000)]
  0x0000020855594c50 JavaThread "Unconstrained build operations Thread 4" [_thread_blocked, id=10448, stack(0x0000003a53e00000,0x0000003a53f00000)]
  0x0000020855595670 JavaThread "Unconstrained build operations Thread 5" [_thread_blocked, id=13156, stack(0x0000003a53f00000,0x0000003a54000000)]
  0x0000020855596090 JavaThread "Cache worker for Build Output Cleanup Cache (C:\Users\Janvi Rathod\AndroidStudioProjects\pgrentalapp\.gradle\buildOutputCleanup)" [_thread_blocked, id=9700, stack(0x0000003a53300000,0x0000003a53400000)]
  0x00000208555965a0 JavaThread "Unconstrained build operations Thread 6" [_thread_blocked, id=1428, stack(0x0000003a54000000,0x0000003a54100000)]
  0x0000020855590060 JavaThread "Unconstrained build operations Thread 7" [_thread_blocked, id=5588, stack(0x0000003a54100000,0x0000003a54200000)]
  0x00000208555979e0 JavaThread "Unconstrained build operations Thread 8" [_thread_blocked, id=6304, stack(0x0000003a54200000,0x0000003a54300000)]
  0x0000020855590570 JavaThread "Unconstrained build operations Thread 9" [_thread_blocked, id=9624, stack(0x0000003a54300000,0x0000003a54400000)]
  0x0000020855591ec0 JavaThread "Unconstrained build operations Thread 10" [_thread_blocked, id=10664, stack(0x0000003a54400000,0x0000003a54500000)]
  0x0000020855590f90 JavaThread "Unconstrained build operations Thread 11" [_thread_blocked, id=3884, stack(0x0000003a54500000,0x0000003a54600000)]

Other Threads:
=>0x000002084f746a90 VMThread "VM Thread" [stack: 0x0000003a51400000,0x0000003a51500000] [id=2756]
  0x000002084fbfb100 WatcherThread [stack: 0x0000003a52000000,0x0000003a52100000] [id=5652]
  0x00000208342d81c0 GCTaskThread "GC Thread#0" [stack: 0x0000003a50f00000,0x0000003a51000000] [id=8324]
  0x000002084fd3f010 GCTaskThread "GC Thread#1" [stack: 0x0000003a52100000,0x0000003a52200000] [id=8412]
  0x000002084fd6b700 GCTaskThread "GC Thread#2" [stack: 0x0000003a52200000,0x0000003a52300000] [id=10844]
  0x00000208548046f0 GCTaskThread "GC Thread#3" [stack: 0x0000003a52300000,0x0000003a52400000] [id=8448]
  0x00000208342e9110 ConcurrentGCThread "G1 Main Marker" [stack: 0x0000003a51000000,0x0000003a51100000] [id=9288]
  0x00000208342e9b30 ConcurrentGCThread "G1 Conc#0" [stack: 0x0000003a51100000,0x0000003a51200000] [id=12080]
  0x0000020834313f50 ConcurrentGCThread "G1 Refine#0" [stack: 0x0000003a51200000,0x0000003a51300000] [id=7416]
  0x000002085667b530 ConcurrentGCThread "G1 Refine#1" [stack: 0x0000003a53100000,0x0000003a53200000] [id=8848]
  0x00000208566791f0 ConcurrentGCThread "G1 Refine#2" [stack: 0x0000003a54600000,0x0000003a54700000] [id=724]
  0x000002085667c0f0 ConcurrentGCThread "G1 Refine#3" [stack: 0x0000003a53200000,0x0000003a53300000] [id=952]
  0x0000020834314980 ConcurrentGCThread "G1 Service" [stack: 0x0000003a51300000,0x0000003a51400000] [id=8864]

Threads with active compile tasks:

VM state: at safepoint (normal execution)

VM Mutex/Monitor currently owned by a thread:  ([mutex/lock_event])
[0x0000020834278650] Threads_lock - owner thread: 0x000002084f746a90
[0x0000020834278890] Heap_lock - owner thread: 0x00000208548d9bb0

Heap address: 0x0000000080000000, size: 2048 MB, Compressed Oops mode: 32-bit

CDS archive(s) not mapped
Compressed class space mapped at: 0x0000000100000000-0x0000000140000000, reserved size: 1073741824
Narrow klass base: 0x0000000000000000, Narrow klass shift: 3, Narrow klass range: 0x140000000

GC Precious Log:
 CPUs: 4 total, 4 available
 Memory: 1934M
 Large Page Support: Disabled
 NUMA Support: Disabled
 Compressed Oops: Enabled (32-bit)
 Heap Region Size: 1M
 Heap Min Capacity: 8M
 Heap Initial Capacity: 32M
 Heap Max Capacity: 2G
 Pre-touch: Disabled
 Parallel Workers: 4
 Concurrent Workers: 1
 Concurrent Refinement Workers: 4
 Periodic GC: Disabled

Heap:
 garbage-first heap   total 219136K, used 115082K [0x0000000080000000, 0x0000000100000000)
  region size 1024K, 1 young (1024K), 1 survivors (1024K)
 Metaspace       used 93557K, committed 94272K, reserved 1179648K
  class space    used 12702K, committed 13056K, reserved 1048576K

Heap Regions: E=young(eden), S=young(survivor), O=old, HS=humongous(starts), HC=humongous(continues), CS=collection set, F=free, OA=open archive, CA=closed archive, TAMS=top-at-mark-start (previous, next)
|   0|0x0000000080000000, 0x0000000080100000, 0x0000000080100000|100%| O|  |TAMS 0x0000000080100000, 0x0000000080100000| Untracked 
|   1|0x0000000080100000, 0x0000000080200000, 0x0000000080200000|100%|HS|  |TAMS 0x0000000080200000, 0x0000000080200000| Complete 
|   2|0x0000000080200000, 0x0000000080300000, 0x0000000080300000|100%|HC|  |TAMS 0x0000000080300000, 0x0000000080300000| Complete 
|   3|0x0000000080300000, 0x0000000080400000, 0x0000000080400000|100%|HC|  |TAMS 0x0000000080400000, 0x0000000080400000| Complete 
|   4|0x0000000080400000, 0x0000000080500000, 0x0000000080500000|100%|HC|  |TAMS 0x0000000080500000, 0x0000000080500000| Complete 
|   5|0x0000000080500000, 0x0000000080600000, 0x0000000080600000|100%| O|  |TAMS 0x0000000080600000, 0x0000000080600000| Untracked 
|   6|0x0000000080600000, 0x0000000080700000, 0x0000000080700000|100%| O|  |TAMS 0x0000000080700000, 0x0000000080700000| Untracked 
|   7|0x0000000080700000, 0x0000000080800000, 0x0000000080800000|100%| O|  |TAMS 0x0000000080800000, 0x0000000080800000| Untracked 
|   8|0x0000000080800000, 0x0000000080900000, 0x0000000080900000|100%| O|  |TAMS 0x0000000080900000, 0x0000000080900000| Untracked 
|   9|0x0000000080900000, 0x0000000080a00000, 0x0000000080a00000|100%| O|  |TAMS 0x0000000080a00000, 0x0000000080a00000| Untracked 
|  10|0x0000000080a00000, 0x0000000080b00000, 0x0000000080b00000|100%| O|  |TAMS 0x0000000080b00000, 0x0000000080b00000| Untracked 
|  11|0x0000000080b00000, 0x0000000080c00000, 0x0000000080c00000|100%| O|  |TAMS 0x0000000080c00000, 0x0000000080c00000| Untracked 
|  12|0x0000000080c00000, 0x0000000080d00000, 0x0000000080d00000|100%| O|  |TAMS 0x0000000080d00000, 0x0000000080d00000| Untracked 
|  13|0x0000000080d00000, 0x0000000080e00000, 0x0000000080e00000|100%| O|  |TAMS 0x0000000080e00000, 0x0000000080e00000| Untracked 
|  14|0x0000000080e00000, 0x0000000080f00000, 0x0000000080f00000|100%| O|  |TAMS 0x0000000080f00000, 0x0000000080f00000| Untracked 
|  15|0x0000000080f00000, 0x0000000081000000, 0x0000000081000000|100%| O|  |TAMS 0x0000000081000000, 0x0000000081000000| Untracked 
|  16|0x0000000081000000, 0x0000000081100000, 0x0000000081100000|100%| O|  |TAMS 0x0000000081100000, 0x0000000081100000| Untracked 
|  17|0x0000000081100000, 0x0000000081200000, 0x0000000081200000|100%| O|  |TAMS 0x0000000081200000, 0x0000000081200000| Untracked 
|  18|0x0000000081200000, 0x0000000081300000, 0x0000000081300000|100%| O|  |TAMS 0x0000000081300000, 0x0000000081300000| Untracked 
|  19|0x0000000081300000, 0x0000000081400000, 0x0000000081400000|100%| O|  |TAMS 0x0000000081400000, 0x0000000081400000| Untracked 
|  20|0x0000000081400000, 0x0000000081500000, 0x0000000081500000|100%| O|  |TAMS 0x0000000081500000, 0x0000000081500000| Untracked 
|  21|0x0000000081500000, 0x0000000081600000, 0x0000000081600000|100%| O|  |TAMS 0x0000000081600000, 0x0000000081600000| Untracked 
|  22|0x0000000081600000, 0x0000000081700000, 0x0000000081700000|100%| O|  |TAMS 0x0000000081700000, 0x0000000081700000| Untracked 
|  23|0x0000000081700000, 0x0000000081800000, 0x0000000081800000|100%|HS|  |TAMS 0x0000000081800000, 0x0000000081800000| Complete 
|  24|0x0000000081800000, 0x0000000081900000, 0x0000000081900000|100%|HC|  |TAMS 0x0000000081900000, 0x0000000081900000| Complete 
|  25|0x0000000081900000, 0x0000000081a00000, 0x0000000081a00000|100%|HC|  |TAMS 0x0000000081a00000, 0x0000000081a00000| Complete 
|  26|0x0000000081a00000, 0x0000000081b00000, 0x0000000081b00000|100%|HC|  |TAMS 0x0000000081b00000, 0x0000000081b00000| Complete 
|  27|0x0000000081b00000, 0x0000000081c00000, 0x0000000081c00000|100%|HC|  |TAMS 0x0000000081c00000, 0x0000000081c00000| Complete 
|  28|0x0000000081c00000, 0x0000000081d00000, 0x0000000081d00000|100%|HS|  |TAMS 0x0000000081d00000, 0x0000000081d00000| Complete 
|  29|0x0000000081d00000, 0x0000000081e00000, 0x0000000081e00000|100%|HC|  |TAMS 0x0000000081e00000, 0x0000000081e00000| Complete 
|  30|0x0000000081e00000, 0x0000000081f00000, 0x0000000081f00000|100%|HC|  |TAMS 0x0000000081f00000, 0x0000000081f00000| Complete 
|  31|0x0000000081f00000, 0x0000000082000000, 0x0000000082000000|100%| O|  |TAMS 0x0000000082000000, 0x0000000082000000| Untracked 
|  32|0x0000000082000000, 0x0000000082100000, 0x0000000082100000|100%|HS|  |TAMS 0x0000000082100000, 0x0000000082100000| Complete 
|  33|0x0000000082100000, 0x0000000082200000, 0x0000000082200000|100%|HC|  |TAMS 0x0000000082200000, 0x0000000082200000| Complete 
|  34|0x0000000082200000, 0x0000000082300000, 0x0000000082300000|100%|HC|  |TAMS 0x0000000082300000, 0x0000000082300000| Complete 
|  35|0x0000000082300000, 0x0000000082400000, 0x0000000082400000|100%| O|  |TAMS 0x0000000082400000, 0x0000000082400000| Untracked 
|  36|0x0000000082400000, 0x0000000082500000, 0x0000000082500000|100%| O|  |TAMS 0x0000000082500000, 0x0000000082500000| Untracked 
|  37|0x0000000082500000, 0x0000000082600000, 0x0000000082600000|100%|HS|  |TAMS 0x0000000082600000, 0x0000000082600000| Complete 
|  38|0x0000000082600000, 0x0000000082700000, 0x0000000082700000|100%| O|  |TAMS 0x0000000082700000, 0x0000000082700000| Untracked 
|  39|0x0000000082700000, 0x0000000082800000, 0x0000000082800000|100%| O|  |TAMS 0x0000000082800000, 0x0000000082800000| Untracked 
|  40|0x0000000082800000, 0x0000000082900000, 0x0000000082900000|100%| O|  |TAMS 0x0000000082900000, 0x0000000082900000| Untracked 
|  41|0x0000000082900000, 0x0000000082a00000, 0x0000000082a00000|100%| O|  |TAMS 0x0000000082a00000, 0x0000000082a00000| Untracked 
|  42|0x0000000082a00000, 0x0000000082b00000, 0x0000000082b00000|100%| O|  |TAMS 0x0000000082b00000, 0x0000000082b00000| Untracked 
|  43|0x0000000082b00000, 0x0000000082c00000, 0x0000000082c00000|100%| O|  |TAMS 0x0000000082c00000, 0x0000000082c00000| Untracked 
|  44|0x0000000082c00000, 0x0000000082d00000, 0x0000000082d00000|100%|HS|  |TAMS 0x0000000082d00000, 0x0000000082d00000| Complete 
|  45|0x0000000082d00000, 0x0000000082e00000, 0x0000000082e00000|100%|HC|  |TAMS 0x0000000082e00000, 0x0000000082e00000| Complete 
|  46|0x0000000082e00000, 0x0000000082f00000, 0x0000000082f00000|100%|HC|  |TAMS 0x0000000082f00000, 0x0000000082f00000| Complete 
|  47|0x0000000082f00000, 0x0000000083000000, 0x0000000083000000|100%| O|  |TAMS 0x0000000083000000, 0x0000000083000000| Untracked 
|  48|0x0000000083000000, 0x0000000083100000, 0x0000000083100000|100%| O|  |TAMS 0x0000000083100000, 0x0000000083100000| Untracked 
|  49|0x0000000083100000, 0x0000000083200000, 0x0000000083200000|100%| O|  |TAMS 0x0000000083200000, 0x0000000083200000| Untracked 
|  50|0x0000000083200000, 0x0000000083300000, 0x0000000083300000|100%| O|  |TAMS 0x0000000083300000, 0x0000000083300000| Untracked 
|  51|0x0000000083300000, 0x0000000083400000, 0x0000000083400000|100%|HS|  |TAMS 0x0000000083400000, 0x0000000083400000| Complete 
|  52|0x0000000083400000, 0x0000000083500000, 0x0000000083500000|100%|HC|  |TAMS 0x0000000083500000, 0x0000000083500000| Complete 
|  53|0x0000000083500000, 0x0000000083600000, 0x0000000083600000|100%|HC|  |TAMS 0x0000000083600000, 0x0000000083600000| Complete 
|  54|0x0000000083600000, 0x0000000083700000, 0x0000000083700000|100%|HC|  |TAMS 0x0000000083700000, 0x0000000083700000| Complete 
|  55|0x0000000083700000, 0x0000000083800000, 0x0000000083800000|100%|HC|  |TAMS 0x0000000083800000, 0x0000000083800000| Complete 
|  56|0x0000000083800000, 0x0000000083900000, 0x0000000083900000|100%| O|  |TAMS 0x0000000083900000, 0x0000000083900000| Untracked 
|  57|0x0000000083900000, 0x0000000083a00000, 0x0000000083a00000|100%| O|  |TAMS 0x0000000083a00000, 0x0000000083a00000| Untracked 
|  58|0x0000000083a00000, 0x0000000083b00000, 0x0000000083b00000|100%| O|  |TAMS 0x0000000083b00000, 0x0000000083b00000| Untracked 
|  59|0x0000000083b00000, 0x0000000083c00000, 0x0000000083c00000|100%| O|  |TAMS 0x0000000083c00000, 0x0000000083c00000| Untracked 
|  60|0x0000000083c00000, 0x0000000083d00000, 0x0000000083d00000|100%| O|  |TAMS 0x0000000083d00000, 0x0000000083d00000| Untracked 
|  61|0x0000000083d00000, 0x0000000083e00000, 0x0000000083e00000|100%| O|  |TAMS 0x0000000083e00000, 0x0000000083e00000| Untracked 
|  62|0x0000000083e00000, 0x0000000083f00000, 0x0000000083f00000|100%|HS|  |TAMS 0x0000000083f00000, 0x0000000083f00000| Complete 
|  63|0x0000000083f00000, 0x0000000084000000, 0x0000000084000000|100%|HC|  |TAMS 0x0000000084000000, 0x0000000084000000| Complete 
|  64|0x0000000084000000, 0x0000000084100000, 0x0000000084100000|100%|HC|  |TAMS 0x0000000084100000, 0x0000000084100000| Complete 
|  65|0x0000000084100000, 0x0000000084200000, 0x0000000084200000|100%|HC|  |TAMS 0x0000000084200000, 0x0000000084200000| Complete 
|  66|0x0000000084200000, 0x0000000084300000, 0x0000000084300000|100%|HC|  |TAMS 0x0000000084300000, 0x0000000084300000| Complete 
|  67|0x0000000084300000, 0x0000000084400000, 0x0000000084400000|100%| O|  |TAMS 0x0000000084400000, 0x0000000084400000| Untracked 
|  68|0x0000000084400000, 0x0000000084500000, 0x0000000084500000|100%| O|  |TAMS 0x0000000084500000, 0x0000000084500000| Untracked 
|  69|0x0000000084500000, 0x0000000084600000, 0x0000000084600000|100%| O|  |TAMS 0x0000000084600000, 0x0000000084600000| Untracked 
|  70|0x0000000084600000, 0x0000000084700000, 0x0000000084700000|100%| O|  |TAMS 0x0000000084700000, 0x0000000084700000| Untracked 
|  71|0x0000000084700000, 0x0000000084800000, 0x0000000084800000|100%| O|  |TAMS 0x0000000084800000, 0x0000000084800000| Untracked 
|  72|0x0000000084800000, 0x0000000084900000, 0x0000000084900000|100%| O|  |TAMS 0x0000000084900000, 0x0000000084900000| Untracked 
|  73|0x0000000084900000, 0x0000000084a00000, 0x0000000084a00000|100%| O|  |TAMS 0x0000000084a00000, 0x0000000084a00000| Untracked 
|  74|0x0000000084a00000, 0x0000000084b00000, 0x0000000084b00000|100%| O|  |TAMS 0x0000000084b00000, 0x0000000084b00000| Untracked 
|  75|0x0000000084b00000, 0x0000000084c00000, 0x0000000084c00000|100%| O|  |TAMS 0x0000000084c00000, 0x0000000084c00000| Untracked 
|  76|0x0000000084c00000, 0x0000000084d00000, 0x0000000084d00000|100%| O|  |TAMS 0x0000000084d00000, 0x0000000084d00000| Untracked 
|  77|0x0000000084d00000, 0x0000000084e00000, 0x0000000084e00000|100%| O|  |TAMS 0x0000000084e00000, 0x0000000084e00000| Untracked 
|  78|0x0000000084e00000, 0x0000000084f00000, 0x0000000084f00000|100%| O|  |TAMS 0x0000000084f00000, 0x0000000084f00000| Untracked 
|  79|0x0000000084f00000, 0x0000000085000000, 0x0000000085000000|100%| O|  |TAMS 0x0000000085000000, 0x0000000085000000| Untracked 
|  80|0x0000000085000000, 0x0000000085100000, 0x0000000085100000|100%| O|  |TAMS 0x0000000085100000, 0x0000000085100000| Untracked 
|  81|0x0000000085100000, 0x0000000085200000, 0x0000000085200000|100%| O|  |TAMS 0x0000000085200000, 0x0000000085200000| Untracked 
|  82|0x0000000085200000, 0x0000000085300000, 0x0000000085300000|100%| O|  |TAMS 0x0000000085300000, 0x0000000085300000| Untracked 
|  83|0x0000000085300000, 0x0000000085400000, 0x0000000085400000|100%| O|  |TAMS 0x0000000085400000, 0x0000000085400000| Untracked 
|  84|0x0000000085400000, 0x0000000085500000, 0x0000000085500000|100%| O|  |TAMS 0x0000000085500000, 0x0000000085500000| Untracked 
|  85|0x0000000085500000, 0x0000000085600000, 0x0000000085600000|100%| O|  |TAMS 0x0000000085600000, 0x0000000085600000| Untracked 
|  86|0x0000000085600000, 0x0000000085700000, 0x0000000085700000|100%| O|  |TAMS 0x0000000085700000, 0x0000000085700000| Untracked 
|  87|0x0000000085700000, 0x0000000085800000, 0x0000000085800000|100%| O|  |TAMS 0x0000000085800000, 0x0000000085800000| Untracked 
|  88|0x0000000085800000, 0x0000000085900000, 0x0000000085900000|100%| O|  |TAMS 0x0000000085900000, 0x0000000085900000| Untracked 
|  89|0x0000000085900000, 0x0000000085a00000, 0x0000000085a00000|100%| O|  |TAMS 0x0000000085a00000, 0x0000000085a00000| Untracked 
|  90|0x0000000085a00000, 0x0000000085b00000, 0x0000000085b00000|100%| O|  |TAMS 0x0000000085b00000, 0x0000000085b00000| Untracked 
|  91|0x0000000085b00000, 0x0000000085b00000, 0x0000000085c00000|  0%| F|  |TAMS 0x0000000085b00000, 0x0000000085b00000| Untracked 
|  92|0x0000000085c00000, 0x0000000085d00000, 0x0000000085d00000|100%| O|  |TAMS 0x0000000085d00000, 0x0000000085d00000| Untracked 
|  93|0x0000000085d00000, 0x0000000085e00000, 0x0000000085e00000|100%| O|  |TAMS 0x0000000085e00000, 0x0000000085e00000| Untracked 
|  94|0x0000000085e00000, 0x0000000085f00000, 0x0000000085f00000|100%| O|  |TAMS 0x0000000085f00000, 0x0000000085f00000| Untracked 
|  95|0x0000000085f00000, 0x0000000086000000, 0x0000000086000000|100%| O|  |TAMS 0x0000000085f1fe00, 0x0000000086000000| Untracked 
|  96|0x0000000086000000, 0x0000000086100000, 0x0000000086100000|100%|HS|  |TAMS 0x0000000086100000, 0x0000000086100000| Complete 
|  97|0x0000000086100000, 0x0000000086200000, 0x0000000086200000|100%|HC|  |TAMS 0x0000000086200000, 0x0000000086200000| Complete 
|  98|0x0000000086200000, 0x0000000086300000, 0x0000000086300000|100%|HC|  |TAMS 0x0000000086300000, 0x0000000086300000| Complete 
|  99|0x0000000086300000, 0x0000000086400000, 0x0000000086400000|100%|HC|  |TAMS 0x0000000086400000, 0x0000000086400000| Complete 
| 100|0x0000000086400000, 0x0000000086500000, 0x0000000086500000|100%|HC|  |TAMS 0x0000000086500000, 0x0000000086500000| Complete 
| 101|0x0000000086500000, 0x0000000086600000, 0x0000000086600000|100%|HC|  |TAMS 0x0000000086600000, 0x0000000086600000| Complete 
| 102|0x0000000086600000, 0x0000000086700000, 0x0000000086700000|100%|HS|  |TAMS 0x0000000086600000, 0x0000000086700000| Complete 
| 103|0x0000000086700000, 0x0000000086800000, 0x0000000086800000|100%|HS|  |TAMS 0x0000000086700000, 0x0000000086800000| Complete 
| 104|0x0000000086800000, 0x0000000086900000, 0x0000000086900000|100%|HS|  |TAMS 0x0000000086800000, 0x0000000086900000| Complete 
| 105|0x0000000086900000, 0x0000000086a00000, 0x0000000086a00000|100%| O|  |TAMS 0x0000000086900000, 0x0000000086a00000| Untracked 
| 106|0x0000000086a00000, 0x0000000086b00000, 0x0000000086b00000|100%|HS|  |TAMS 0x0000000086a00000, 0x0000000086b00000| Complete 
| 107|0x0000000086b00000, 0x0000000086c00000, 0x0000000086c00000|100%| O|  |TAMS 0x0000000086b00000, 0x0000000086c00000| Untracked 
| 108|0x0000000086c00000, 0x0000000086d00000, 0x0000000086d00000|100%| O|  |TAMS 0x0000000086c00000, 0x0000000086d00000| Untracked 
| 109|0x0000000086d00000, 0x0000000086e00000, 0x0000000086e00000|100%| O|  |TAMS 0x0000000086d00000, 0x0000000086e00000| Untracked 
| 110|0x0000000086e00000, 0x0000000086f00000, 0x0000000086f00000|100%| O|  |TAMS 0x0000000086e00000, 0x0000000086f00000| Untracked 
| 111|0x0000000086f00000, 0x0000000087000000, 0x0000000087000000|100%| O|  |TAMS 0x0000000086f00000, 0x0000000087000000| Untracked 
| 112|0x0000000087000000, 0x000000008709b000, 0x0000000087100000| 60%| O|  |TAMS 0x0000000087000000, 0x000000008709b000| Untracked 
| 113|0x0000000087100000, 0x0000000087100000, 0x0000000087200000|  0%| F|  |TAMS 0x0000000087100000, 0x0000000087100000| Untracked 
| 114|0x0000000087200000, 0x0000000087200000, 0x0000000087300000|  0%| F|  |TAMS 0x0000000087200000, 0x0000000087200000| Untracked 
| 115|0x0000000087300000, 0x0000000087300000, 0x0000000087400000|  0%| F|  |TAMS 0x0000000087300000, 0x0000000087300000| Untracked 
| 116|0x0000000087400000, 0x0000000087400000, 0x0000000087500000|  0%| F|  |TAMS 0x0000000087400000, 0x0000000087400000| Untracked 
| 117|0x0000000087500000, 0x0000000087500000, 0x0000000087600000|  0%| F|  |TAMS 0x0000000087500000, 0x0000000087500000| Untracked 
| 118|0x0000000087600000, 0x0000000087600000, 0x0000000087700000|  0%| F|  |TAMS 0x0000000087600000, 0x0000000087600000| Untracked 
| 119|0x0000000087700000, 0x0000000087700000, 0x0000000087800000|  0%| F|  |TAMS 0x0000000087700000, 0x0000000087700000| Untracked 
| 120|0x0000000087800000, 0x0000000087800000, 0x0000000087900000|  0%| F|  |TAMS 0x0000000087800000, 0x0000000087800000| Untracked 
| 121|0x0000000087900000, 0x0000000087900000, 0x0000000087a00000|  0%| F|  |TAMS 0x0000000087900000, 0x0000000087900000| Untracked 
| 122|0x0000000087a00000, 0x0000000087a00000, 0x0000000087b00000|  0%| F|  |TAMS 0x0000000087a00000, 0x0000000087a00000| Untracked 
| 123|0x0000000087b00000, 0x0000000087b00000, 0x0000000087c00000|  0%| F|  |TAMS 0x0000000087b00000, 0x0000000087b00000| Untracked 
| 124|0x0000000087c00000, 0x0000000087c00000, 0x0000000087d00000|  0%| F|  |TAMS 0x0000000087c00000, 0x0000000087c00000| Untracked 
| 125|0x0000000087d00000, 0x0000000087d00000, 0x0000000087e00000|  0%| F|  |TAMS 0x0000000087d00000, 0x0000000087d00000| Untracked 
| 126|0x0000000087e00000, 0x0000000087e00000, 0x0000000087f00000|  0%| F|  |TAMS 0x0000000087e00000, 0x0000000087e00000| Untracked 
| 127|0x0000000087f00000, 0x0000000087f00000, 0x0000000088000000|  0%| F|  |TAMS 0x0000000087f00000, 0x0000000087f00000| Untracked 
| 128|0x0000000088000000, 0x0000000088000000, 0x0000000088100000|  0%| F|  |TAMS 0x0000000088000000, 0x0000000088000000| Untracked 
| 129|0x0000000088100000, 0x0000000088100000, 0x0000000088200000|  0%| F|  |TAMS 0x0000000088100000, 0x0000000088100000| Untracked 
| 130|0x0000000088200000, 0x0000000088200000, 0x0000000088300000|  0%| F|  |TAMS 0x0000000088200000, 0x0000000088200000| Untracked 
| 131|0x0000000088300000, 0x0000000088300000, 0x0000000088400000|  0%| F|  |TAMS 0x0000000088300000, 0x0000000088300000| Untracked 
| 132|0x0000000088400000, 0x0000000088400000, 0x0000000088500000|  0%| F|  |TAMS 0x0000000088400000, 0x0000000088400000| Untracked 
| 133|0x0000000088500000, 0x0000000088500000, 0x0000000088600000|  0%| F|  |TAMS 0x0000000088500000, 0x0000000088500000| Untracked 
| 134|0x0000000088600000, 0x0000000088600000, 0x0000000088700000|  0%| F|  |TAMS 0x0000000088600000, 0x0000000088600000| Untracked 
| 135|0x0000000088700000, 0x0000000088700000, 0x0000000088800000|  0%| F|  |TAMS 0x0000000088700000, 0x0000000088700000| Untracked 
| 136|0x0000000088800000, 0x0000000088800000, 0x0000000088900000|  0%| F|  |TAMS 0x0000000088800000, 0x0000000088800000| Untracked 
| 137|0x0000000088900000, 0x0000000088900000, 0x0000000088a00000|  0%| F|  |TAMS 0x0000000088900000, 0x0000000088900000| Untracked 
| 138|0x0000000088a00000, 0x0000000088a00000, 0x0000000088b00000|  0%| F|  |TAMS 0x0000000088a00000, 0x0000000088a00000| Untracked 
| 139|0x0000000088b00000, 0x0000000088b00000, 0x0000000088c00000|  0%| F|  |TAMS 0x0000000088b00000, 0x0000000088b00000| Untracked 
| 140|0x0000000088c00000, 0x0000000088c00000, 0x0000000088d00000|  0%| F|  |TAMS 0x0000000088c00000, 0x0000000088c00000| Untracked 
| 141|0x0000000088d00000, 0x0000000088d00000, 0x0000000088e00000|  0%| F|  |TAMS 0x0000000088d00000, 0x0000000088d00000| Untracked 
| 142|0x0000000088e00000, 0x0000000088e00000, 0x0000000088f00000|  0%| F|  |TAMS 0x0000000088e00000, 0x0000000088e00000| Untracked 
| 143|0x0000000088f00000, 0x0000000088f00000, 0x0000000089000000|  0%| F|  |TAMS 0x0000000088f00000, 0x0000000088f00000| Untracked 
| 144|0x0000000089000000, 0x0000000089000000, 0x0000000089100000|  0%| F|  |TAMS 0x0000000089000000, 0x0000000089000000| Untracked 
| 145|0x0000000089100000, 0x0000000089100000, 0x0000000089200000|  0%| F|  |TAMS 0x0000000089100000, 0x0000000089100000| Untracked 
| 146|0x0000000089200000, 0x0000000089200000, 0x0000000089300000|  0%| F|  |TAMS 0x0000000089200000, 0x0000000089200000| Untracked 
| 147|0x0000000089300000, 0x0000000089300000, 0x0000000089400000|  0%| F|  |TAMS 0x0000000089300000, 0x0000000089300000| Untracked 
| 148|0x0000000089400000, 0x0000000089400000, 0x0000000089500000|  0%| F|  |TAMS 0x0000000089400000, 0x0000000089400000| Untracked 
| 149|0x0000000089500000, 0x0000000089500000, 0x0000000089600000|  0%| F|  |TAMS 0x0000000089500000, 0x0000000089500000| Untracked 
| 150|0x0000000089600000, 0x0000000089600000, 0x0000000089700000|  0%| F|  |TAMS 0x0000000089600000, 0x0000000089600000| Untracked 
| 151|0x0000000089700000, 0x0000000089700000, 0x0000000089800000|  0%| F|  |TAMS 0x0000000089700000, 0x0000000089700000| Untracked 
| 152|0x0000000089800000, 0x0000000089800000, 0x0000000089900000|  0%| F|  |TAMS 0x0000000089800000, 0x0000000089800000| Untracked 
| 153|0x0000000089900000, 0x0000000089900000, 0x0000000089a00000|  0%| F|  |TAMS 0x0000000089900000, 0x0000000089900000| Untracked 
| 154|0x0000000089a00000, 0x0000000089a00000, 0x0000000089b00000|  0%| F|  |TAMS 0x0000000089a00000, 0x0000000089a00000| Untracked 
| 155|0x0000000089b00000, 0x0000000089b00000, 0x0000000089c00000|  0%| F|  |TAMS 0x0000000089b00000, 0x0000000089b00000| Untracked 
| 156|0x0000000089c00000, 0x0000000089c00000, 0x0000000089d00000|  0%| F|  |TAMS 0x0000000089c00000, 0x0000000089c00000| Untracked 
| 157|0x0000000089d00000, 0x0000000089d00000, 0x0000000089e00000|  0%| F|  |TAMS 0x0000000089d00000, 0x0000000089d00000| Untracked 
| 158|0x0000000089e00000, 0x0000000089e00000, 0x0000000089f00000|  0%| F|  |TAMS 0x0000000089e00000, 0x0000000089e00000| Untracked 
| 159|0x0000000089f00000, 0x0000000089f00000, 0x000000008a000000|  0%| F|  |TAMS 0x0000000089f00000, 0x0000000089f00000| Untracked 
| 160|0x000000008a000000, 0x000000008a000000, 0x000000008a100000|  0%| F|  |TAMS 0x000000008a000000, 0x000000008a000000| Untracked 
| 161|0x000000008a100000, 0x000000008a100000, 0x000000008a200000|  0%| F|  |TAMS 0x000000008a100000, 0x000000008a100000| Untracked 
| 162|0x000000008a200000, 0x000000008a200000, 0x000000008a300000|  0%| F|  |TAMS 0x000000008a200000, 0x000000008a200000| Untracked 
| 163|0x000000008a300000, 0x000000008a300000, 0x000000008a400000|  0%| F|  |TAMS 0x000000008a300000, 0x000000008a300000| Untracked 
| 164|0x000000008a400000, 0x000000008a400000, 0x000000008a500000|  0%| F|  |TAMS 0x000000008a400000, 0x000000008a400000| Untracked 
| 165|0x000000008a500000, 0x000000008a500000, 0x000000008a600000|  0%| F|  |TAMS 0x000000008a500000, 0x000000008a500000| Untracked 
| 166|0x000000008a600000, 0x000000008a600000, 0x000000008a700000|  0%| F|  |TAMS 0x000000008a600000, 0x000000008a600000| Untracked 
| 167|0x000000008a700000, 0x000000008a700000, 0x000000008a800000|  0%| F|  |TAMS 0x000000008a700000, 0x000000008a700000| Untracked 
| 168|0x000000008a800000, 0x000000008a800000, 0x000000008a900000|  0%| F|  |TAMS 0x000000008a800000, 0x000000008a800000| Untracked 
| 169|0x000000008a900000, 0x000000008a900000, 0x000000008aa00000|  0%| F|  |TAMS 0x000000008a900000, 0x000000008a900000| Untracked 
| 170|0x000000008aa00000, 0x000000008aa00000, 0x000000008ab00000|  0%| F|  |TAMS 0x000000008aa00000, 0x000000008aa00000| Untracked 
| 171|0x000000008ab00000, 0x000000008ab00000, 0x000000008ac00000|  0%| F|  |TAMS 0x000000008ab00000, 0x000000008ab00000| Untracked 
| 172|0x000000008ac00000, 0x000000008ac00000, 0x000000008ad00000|  0%| F|  |TAMS 0x000000008ac00000, 0x000000008ac00000| Untracked 
| 173|0x000000008ad00000, 0x000000008ad00000, 0x000000008ae00000|  0%| F|  |TAMS 0x000000008ad00000, 0x000000008ad00000| Untracked 
| 174|0x000000008ae00000, 0x000000008ae00000, 0x000000008af00000|  0%| F|  |TAMS 0x000000008ae00000, 0x000000008ae00000| Untracked 
| 175|0x000000008af00000, 0x000000008af00000, 0x000000008b000000|  0%| F|  |TAMS 0x000000008af00000, 0x000000008af00000| Untracked 
| 176|0x000000008b000000, 0x000000008b000000, 0x000000008b100000|  0%| F|  |TAMS 0x000000008b000000, 0x000000008b000000| Untracked 
| 177|0x000000008b100000, 0x000000008b100000, 0x000000008b200000|  0%| F|  |TAMS 0x000000008b100000, 0x000000008b100000| Untracked 
| 178|0x000000008b200000, 0x000000008b200000, 0x000000008b300000|  0%| F|  |TAMS 0x000000008b200000, 0x000000008b200000| Untracked 
| 179|0x000000008b300000, 0x000000008b300000, 0x000000008b400000|  0%| F|  |TAMS 0x000000008b300000, 0x000000008b300000| Untracked 
| 180|0x000000008b400000, 0x000000008b400000, 0x000000008b500000|  0%| F|  |TAMS 0x000000008b400000, 0x000000008b400000| Untracked 
| 181|0x000000008b500000, 0x000000008b500000, 0x000000008b600000|  0%| F|  |TAMS 0x000000008b500000, 0x000000008b500000| Untracked 
| 182|0x000000008b600000, 0x000000008b600000, 0x000000008b700000|  0%| F|  |TAMS 0x000000008b600000, 0x000000008b600000| Untracked 
| 183|0x000000008b700000, 0x000000008b700000, 0x000000008b800000|  0%| F|  |TAMS 0x000000008b700000, 0x000000008b700000| Untracked 
| 184|0x000000008b800000, 0x000000008b800000, 0x000000008b900000|  0%| F|  |TAMS 0x000000008b800000, 0x000000008b800000| Untracked 
| 185|0x000000008b900000, 0x000000008b900000, 0x000000008ba00000|  0%| F|  |TAMS 0x000000008b900000, 0x000000008b900000| Untracked 
| 186|0x000000008ba00000, 0x000000008ba00000, 0x000000008bb00000|  0%| F|  |TAMS 0x000000008ba00000, 0x000000008ba00000| Untracked 
| 187|0x000000008bb00000, 0x000000008bb00000, 0x000000008bc00000|  0%| F|  |TAMS 0x000000008bb00000, 0x000000008bb00000| Untracked 
| 188|0x000000008bc00000, 0x000000008bc00000, 0x000000008bd00000|  0%| F|  |TAMS 0x000000008bc00000, 0x000000008bc00000| Untracked 
| 189|0x000000008bd00000, 0x000000008bdc7a08, 0x000000008be00000| 77%| S|CS|TAMS 0x000000008bd00000, 0x000000008bd00000| Complete 
| 190|0x000000008be00000, 0x000000008be00000, 0x000000008bf00000|  0%| F|  |TAMS 0x000000008be00000, 0x000000008be00000| Untracked 
| 191|0x000000008bf00000, 0x000000008bf00000, 0x000000008c000000|  0%| F|  |TAMS 0x000000008bf00000, 0x000000008bf00000| Untracked 
| 192|0x000000008c000000, 0x000000008c000000, 0x000000008c100000|  0%| F|  |TAMS 0x000000008c000000, 0x000000008c000000| Untracked 
| 193|0x000000008c100000, 0x000000008c100000, 0x000000008c200000|  0%| F|  |TAMS 0x000000008c100000, 0x000000008c100000| Untracked 
| 194|0x000000008c200000, 0x000000008c200000, 0x000000008c300000|  0%| F|  |TAMS 0x000000008c200000, 0x000000008c200000| Untracked 
| 195|0x000000008c300000, 0x000000008c300000, 0x000000008c400000|  0%| F|  |TAMS 0x000000008c300000, 0x000000008c300000| Untracked 
| 196|0x000000008c400000, 0x000000008c400000, 0x000000008c500000|  0%| F|  |TAMS 0x000000008c400000, 0x000000008c400000| Untracked 
| 197|0x000000008c500000, 0x000000008c500000, 0x000000008c600000|  0%| F|  |TAMS 0x000000008c500000, 0x000000008c500000| Untracked 
| 198|0x000000008c600000, 0x000000008c600000, 0x000000008c700000|  0%| F|  |TAMS 0x000000008c600000, 0x000000008c600000| Untracked 
| 199|0x000000008c700000, 0x000000008c700000, 0x000000008c800000|  0%| F|  |TAMS 0x000000008c700000, 0x000000008c700000| Untracked 
| 200|0x000000008c800000, 0x000000008c800000, 0x000000008c900000|  0%| F|  |TAMS 0x000000008c800000, 0x000000008c800000| Untracked 
| 201|0x000000008c900000, 0x000000008c900000, 0x000000008ca00000|  0%| F|  |TAMS 0x000000008c900000, 0x000000008c900000| Untracked 
| 202|0x000000008ca00000, 0x000000008ca00000, 0x000000008cb00000|  0%| F|  |TAMS 0x000000008ca00000, 0x000000008ca00000| Untracked 
| 203|0x000000008cb00000, 0x000000008cb00000, 0x000000008cc00000|  0%| F|  |TAMS 0x000000008cb00000, 0x000000008cb00000| Untracked 
| 204|0x000000008cc00000, 0x000000008cc00000, 0x000000008cd00000|  0%| F|  |TAMS 0x000000008cc00000, 0x000000008cc00000| Untracked 
| 205|0x000000008cd00000, 0x000000008cd00000, 0x000000008ce00000|  0%| F|  |TAMS 0x000000008cd00000, 0x000000008cd00000| Untracked 
| 206|0x000000008ce00000, 0x000000008ce00000, 0x000000008cf00000|  0%| F|  |TAMS 0x000000008ce00000, 0x000000008ce00000| Untracked 
| 207|0x000000008cf00000, 0x000000008cf00000, 0x000000008d000000|  0%| F|  |TAMS 0x000000008cf00000, 0x000000008cf00000| Untracked 
| 208|0x000000008d000000, 0x000000008d000000, 0x000000008d100000|  0%| F|  |TAMS 0x000000008d000000, 0x000000008d000000| Untracked 
| 209|0x000000008d100000, 0x000000008d100000, 0x000000008d200000|  0%| F|  |TAMS 0x000000008d100000, 0x000000008d100000| Untracked 
| 210|0x000000008d200000, 0x000000008d200000, 0x000000008d300000|  0%| F|  |TAMS 0x000000008d200000, 0x000000008d200000| Untracked 
| 211|0x000000008d300000, 0x000000008d300000, 0x000000008d400000|  0%| F|  |TAMS 0x000000008d300000, 0x000000008d300000| Untracked 
| 212|0x000000008d400000, 0x000000008d400000, 0x000000008d500000|  0%| F|  |TAMS 0x000000008d400000, 0x000000008d400000| Untracked 
| 213|0x000000008d500000, 0x000000008d500000, 0x000000008d600000|  0%| F|  |TAMS 0x000000008d500000, 0x000000008d500000| Untracked 

Card table byte_map: [0x0000020848990000,0x0000020848d90000] _byte_map_base: 0x0000020848590000

Marking Bits (Prev, Next): (CMBitMap*) 0x00000208342d87e0, (CMBitMap*) 0x00000208342d8820
 Prev Bits: [0x0000020849190000, 0x000002084b190000)
 Next Bits: [0x000002084b190000, 0x000002084d190000)

Polling page: 0x0000020834020000

Metaspace:

Usage:
  Non-class:     78.96 MB used.
      Class:     12.40 MB used.
       Both:     91.36 MB used.

Virtual space:
  Non-class space:      128.00 MB reserved,      79.31 MB ( 62%) committed,  2 nodes.
      Class space:        1.00 GB reserved,      12.75 MB (  1%) committed,  1 nodes.
             Both:        1.12 GB reserved,      92.06 MB (  8%) committed. 

Chunk freelists:
   Non-Class:  720.00 KB
       Class:  3.06 MB
        Both:  3.77 MB

MaxMetaspaceSize: unlimited
CompressedClassSpaceSize: 1.00 GB
Initial GC threshold: 21.00 MB
Current GC threshold: 138.75 MB
CDS: off
MetaspaceReclaimPolicy: balanced
 - commit_granule_bytes: 65536.
 - commit_granule_words: 8192.
 - virtual_space_node_default_size: 8388608.
 - enlarge_chunks_in_place: 1.
 - new_chunks_are_fully_committed: 0.
 - uncommit_free_chunks: 1.
 - use_allocation_guard: 0.
 - handle_deallocations: 1.


Internal statistics:

num_allocs_failed_limit: 0.
num_arena_births: 852.
num_arena_deaths: 0.
num_vsnodes_births: 3.
num_vsnodes_deaths: 0.
num_space_committed: 1471.
num_space_uncommitted: 0.
num_chunks_returned_to_freelist: 0.
num_chunks_taken_from_freelist: 4097.
num_chunk_merges: 0.
num_chunk_splits: 2945.
num_chunks_enlarged: 2224.
num_inconsistent_stats: 0.

CodeHeap 'non-profiled nmethods': size=120000Kb used=4613Kb max_used=4613Kb free=115386Kb
 bounds [0x0000020840a40000, 0x0000020840ed0000, 0x0000020847f70000]
CodeHeap 'profiled nmethods': size=120000Kb used=16341Kb max_used=16341Kb free=103658Kb
 bounds [0x0000020838f70000, 0x0000020839f70000, 0x00000208404a0000]
CodeHeap 'non-nmethods': size=5760Kb used=2383Kb max_used=2407Kb free=3376Kb
 bounds [0x00000208404a0000, 0x0000020840710000, 0x0000020840a40000]
 total_blobs=9172 nmethods=8249 adapters=836
 compilation: enabled
              stopped_count=0, restarted_count=0
 full_count=0

Compilation events (20 events):
Event: 665.676 Thread 0x000002084f9ffc50 9051       1       kotlin.sequences.FilteringSequence::access$getPredicate$p (5 bytes)
Event: 665.678 Thread 0x000002084f9ffc50 nmethod 9051 0x0000020840eb7410 code [0x0000020840eb75a0, 0x0000020840eb7658]
Event: 665.678 Thread 0x000002084f9ffc50 9052       1       kotlin.sequences.FilteringSequence::access$getSendWhen$p (5 bytes)
Event: 665.679 Thread 0x000002084f9ffc50 nmethod 9052 0x0000020840eb7710 code [0x0000020840eb78a0, 0x0000020840eb7958]
Event: 665.807 Thread 0x000002084f9ffc50 9053       3       org.jetbrains.org.objectweb.asm.ClassReader::readUtf (44 bytes)
Event: 665.809 Thread 0x000002084f9ffc50 nmethod 9053 0x0000020839f64590 code [0x0000020839f64760, 0x0000020839f64b38]
Event: 665.810 Thread 0x000002084f9ffc50 9054       3       org.jetbrains.org.objectweb.asm.ClassReader::readUtf (161 bytes)
Event: 665.813 Thread 0x000002084f9ffc50 nmethod 9054 0x0000020839f64d10 code [0x0000020839f64ee0, 0x0000020839f65348]
Event: 665.821 Thread 0x000002084f9ff1a0 9055       4       org.jetbrains.org.objectweb.asm.ClassReader::readUTF8 (23 bytes)
Event: 665.874 Thread 0x000002084f9ff1a0 nmethod 9055 0x0000020840eb7a10 code [0x0000020840eb7bc0, 0x0000020840eb8598]
Event: 665.877 Thread 0x000002084f9ff1a0 9056       4       org.jetbrains.kotlin.protobuf.CodedInputStream::readTag (41 bytes)
Event: 665.917 Thread 0x000002084f9ff1a0 nmethod 9056 0x0000020840eb8c10 code [0x0000020840eb8dc0, 0x0000020840eb9368]
Event: 665.917 Thread 0x000002084f9ff1a0 9057       4       org.jetbrains.kotlin.protobuf.CodedInputStream::isAtEnd (25 bytes)
Event: 665.926 Thread 0x000002084f9ff1a0 nmethod 9057 0x0000020840eb9790 code [0x0000020840eb9940, 0x0000020840eb9bf8]
Event: 665.926 Thread 0x000002084f9ff1a0 9058       4       org.jetbrains.kotlin.protobuf.GeneratedMessageLite$Builder::setUnknownFields (7 bytes)
Event: 665.930 Thread 0x000002084f9ff1a0 nmethod 9058 0x0000020840eb9e90 code [0x0000020840eba000, 0x0000020840eba138]
Event: 666.099 Thread 0x000002084f9ff1a0 9059       4       java.util.regex.Matcher::start (22 bytes)
Event: 666.101 Thread 0x000002084f9ff1a0 nmethod 9059 0x0000020840eba190 code [0x0000020840eba300, 0x0000020840eba398]
Event: 666.235 Thread 0x000002084f9ff1a0 9060       4       java.util.regex.Pattern::split (288 bytes)
Event: 667.042 Thread 0x000002084f9ff1a0 nmethod 9060 0x0000020840eba490 code [0x0000020840eba840, 0x0000020840ebe270]

GC Heap History (20 events):
Event: 469.027 GC heap after
{Heap after GC invocations=62 (full 0):
 garbage-first heap   total 182272K, used 82544K [0x0000000080000000, 0x0000000100000000)
  region size 1024K, 2 young (2048K), 2 survivors (2048K)
 Metaspace       used 79724K, committed 80384K, reserved 1179648K
  class space    used 11213K, committed 11520K, reserved 1048576K
}
Event: 474.731 GC heap before
{Heap before GC invocations=62 (full 0):
 garbage-first heap   total 182272K, used 116336K [0x0000000080000000, 0x0000000100000000)
  region size 1024K, 35 young (35840K), 2 survivors (2048K)
 Metaspace       used 80048K, committed 80768K, reserved 1179648K
  class space    used 11221K, committed 11520K, reserved 1048576K
}
Event: 474.824 GC heap after
{Heap after GC invocations=63 (full 0):
 garbage-first heap   total 182272K, used 86142K [0x0000000080000000, 0x0000000100000000)
  region size 1024K, 10 young (10240K), 10 survivors (10240K)
 Metaspace       used 80048K, committed 80768K, reserved 1179648K
  class space    used 11221K, committed 11520K, reserved 1048576K
}
Event: 475.179 GC heap before
{Heap before GC invocations=63 (full 0):
 garbage-first heap   total 182272K, used 98430K [0x0000000080000000, 0x0000000100000000)
  region size 1024K, 20 young (20480K), 10 survivors (10240K)
 Metaspace       used 80051K, committed 80768K, reserved 1179648K
  class space    used 11221K, committed 11520K, reserved 1048576K
}
Event: 475.316 GC heap after
{Heap after GC invocations=64 (full 0):
 garbage-first heap   total 219136K, used 92323K [0x0000000080000000, 0x0000000100000000)
  region size 1024K, 3 young (3072K), 3 survivors (3072K)
 Metaspace       used 80051K, committed 80768K, reserved 1179648K
  class space    used 11221K, committed 11520K, reserved 1048576K
}
Event: 476.531 GC heap before
{Heap before GC invocations=64 (full 0):
 garbage-first heap   total 219136K, used 104611K [0x0000000080000000, 0x0000000100000000)
  region size 1024K, 15 young (15360K), 3 survivors (3072K)
 Metaspace       used 80055K, committed 80768K, reserved 1179648K
  class space    used 11221K, committed 11520K, reserved 1048576K
}
Event: 476.573 GC heap after
{Heap after GC invocations=65 (full 0):
 garbage-first heap   total 219136K, used 93597K [0x0000000080000000, 0x0000000100000000)
  region size 1024K, 2 young (2048K), 2 survivors (2048K)
 Metaspace       used 80055K, committed 80768K, reserved 1179648K
  class space    used 11221K, committed 11520K, reserved 1048576K
}
Event: 489.622 GC heap before
{Heap before GC invocations=65 (full 0):
 garbage-first heap   total 219136K, used 118173K [0x0000000080000000, 0x0000000100000000)
  region size 1024K, 25 young (25600K), 2 survivors (2048K)
 Metaspace       used 80760K, committed 81472K, reserved 1179648K
  class space    used 11309K, committed 11648K, reserved 1048576K
}
Event: 489.838 GC heap after
{Heap after GC invocations=66 (full 0):
 garbage-first heap   total 219136K, used 97280K [0x0000000080000000, 0x0000000100000000)
  region size 1024K, 4 young (4096K), 4 survivors (4096K)
 Metaspace       used 80760K, committed 81472K, reserved 1179648K
  class space    used 11309K, committed 11648K, reserved 1048576K
}
Event: 508.421 GC heap before
{Heap before GC invocations=66 (full 0):
 garbage-first heap   total 219136K, used 116736K [0x0000000080000000, 0x0000000100000000)
  region size 1024K, 23 young (23552K), 4 survivors (4096K)
 Metaspace       used 83425K, committed 84096K, reserved 1179648K
  class space    used 11632K, committed 11968K, reserved 1048576K
}
Event: 508.672 GC heap after
{Heap after GC invocations=67 (full 0):
 garbage-first heap   total 219136K, used 98431K [0x0000000080000000, 0x0000000100000000)
  region size 1024K, 1 young (1024K), 1 survivors (1024K)
 Metaspace       used 83425K, committed 84096K, reserved 1179648K
  class space    used 11632K, committed 11968K, reserved 1048576K
}
Event: 511.547 GC heap before
{Heap before GC invocations=67 (full 0):
 garbage-first heap   total 219136K, used 106623K [0x0000000080000000, 0x0000000100000000)
  region size 1024K, 10 young (10240K), 1 survivors (1024K)
 Metaspace       used 84352K, committed 84992K, reserved 1179648K
  class space    used 11727K, committed 12032K, reserved 1048576K
}
Event: 511.682 GC heap after
{Heap after GC invocations=68 (full 0):
 garbage-first heap   total 219136K, used 98969K [0x0000000080000000, 0x0000000100000000)
  region size 1024K, 2 young (2048K), 2 survivors (2048K)
 Metaspace       used 84352K, committed 84992K, reserved 1179648K
  class space    used 11727K, committed 12032K, reserved 1048576K
}
Event: 512.603 GC heap before
{Heap before GC invocations=68 (full 0):
 garbage-first heap   total 219136K, used 105113K [0x0000000080000000, 0x0000000100000000)
  region size 1024K, 3 young (3072K), 2 survivors (2048K)
 Metaspace       used 84352K, committed 84992K, reserved 1179648K
  class space    used 11727K, committed 12032K, reserved 1048576K
}
Event: 512.610 GC heap after
{Heap after GC invocations=69 (full 0):
 garbage-first heap   total 219136K, used 105021K [0x0000000080000000, 0x0000000100000000)
  region size 1024K, 2 young (2048K), 2 survivors (2048K)
 Metaspace       used 84352K, committed 84992K, reserved 1179648K
  class space    used 11727K, committed 12032K, reserved 1048576K
}
Event: 592.087 GC heap before
{Heap before GC invocations=70 (full 0):
 garbage-first heap   total 219136K, used 174653K [0x0000000080000000, 0x0000000100000000)
  region size 1024K, 65 young (66560K), 2 survivors (2048K)
 Metaspace       used 90495K, committed 91200K, reserved 1179648K
  class space    used 12330K, committed 12672K, reserved 1048576K
}
Event: 592.736 GC heap after
{Heap after GC invocations=71 (full 0):
 garbage-first heap   total 219136K, used 114878K [0x0000000080000000, 0x0000000100000000)
  region size 1024K, 8 young (8192K), 8 survivors (8192K)
 Metaspace       used 90495K, committed 91200K, reserved 1179648K
  class space    used 12330K, committed 12672K, reserved 1048576K
}
Event: 595.007 GC heap before
{Heap before GC invocations=71 (full 0):
 garbage-first heap   total 219136K, used 115902K [0x0000000080000000, 0x0000000100000000)
  region size 1024K, 10 young (10240K), 8 survivors (8192K)
 Metaspace       used 90733K, committed 91456K, reserved 1179648K
  class space    used 12357K, committed 12672K, reserved 1048576K
}
Event: 595.338 GC heap after
{Heap after GC invocations=72 (full 0):
 garbage-first heap   total 219136K, used 115140K [0x0000000080000000, 0x0000000100000000)
  region size 1024K, 1 young (1024K), 1 survivors (1024K)
 Metaspace       used 90733K, committed 91456K, reserved 1179648K
  class space    used 12357K, committed 12672K, reserved 1048576K
}
Event: 668.179 GC heap before
{Heap before GC invocations=72 (full 0):
 garbage-first heap   total 219136K, used 137668K [0x0000000080000000, 0x0000000100000000)
  region size 1024K, 24 young (24576K), 1 survivors (1024K)
 Metaspace       used 93557K, committed 94272K, reserved 1179648K
  class space    used 12702K, committed 13056K, reserved 1048576K
}

Dll operation events (3 events):
Event: 0.312 Loaded shared library C:\Program Files\Android\Android Studio\jbr\bin\java.dll
Event: 1.349 Loaded shared library C:\Program Files\Android\Android Studio\jbr\bin\zip.dll
Event: 8.116 Loaded shared library C:\Program Files\Android\Android Studio\jbr\bin\verify.dll

Deoptimization events (20 events):
Event: 663.285 Thread 0x00000208548d9bb0 Uncommon trap: trap_request=0xffffffc6 fr.pc=0x0000020840e82794 relative=0x00000000000010b4
Event: 663.285 Thread 0x00000208548d9bb0 Uncommon trap: reason=bimorphic_or_optimized_type_check action=maybe_recompile pc=0x0000020840e82794 method=org.jetbrains.kotlin.protobuf.CodedInputStream.tryRefillBuffer(I)Z @ 177 c2
Event: 663.285 Thread 0x00000208548d9bb0 DEOPT PACKING pc=0x0000020840e82794 sp=0x0000003a52af3db0
Event: 663.286 Thread 0x00000208548d9bb0 DEOPT UNPACKING pc=0x00000208404f699e sp=0x0000003a52af3cc8 mode 2
Event: 663.336 Thread 0x00000208548d9bb0 Uncommon trap: trap_request=0xffffffc6 fr.pc=0x0000020840e82794 relative=0x00000000000010b4
Event: 663.336 Thread 0x00000208548d9bb0 Uncommon trap: reason=bimorphic_or_optimized_type_check action=maybe_recompile pc=0x0000020840e82794 method=org.jetbrains.kotlin.protobuf.CodedInputStream.tryRefillBuffer(I)Z @ 177 c2
Event: 663.336 Thread 0x00000208548d9bb0 DEOPT PACKING pc=0x0000020840e82794 sp=0x0000003a52af3c80
Event: 663.336 Thread 0x00000208548d9bb0 DEOPT UNPACKING pc=0x00000208404f699e sp=0x0000003a52af3b90 mode 2
Event: 663.481 Thread 0x00000208548d9bb0 Uncommon trap: trap_request=0xffffffc6 fr.pc=0x0000020840e82794 relative=0x00000000000010b4
Event: 663.485 Thread 0x00000208548d9bb0 Uncommon trap: reason=bimorphic_or_optimized_type_check action=maybe_recompile pc=0x0000020840e82794 method=org.jetbrains.kotlin.protobuf.CodedInputStream.tryRefillBuffer(I)Z @ 177 c2
Event: 663.485 Thread 0x00000208548d9bb0 DEOPT PACKING pc=0x0000020840e82794 sp=0x0000003a52af3c80
Event: 663.485 Thread 0x00000208548d9bb0 DEOPT UNPACKING pc=0x00000208404f699e sp=0x0000003a52af3b90 mode 2
Event: 665.810 Thread 0x00000208548d9bb0 Uncommon trap: trap_request=0xffffff45 fr.pc=0x0000020840e70f64 relative=0x00000000000005c4
Event: 665.810 Thread 0x00000208548d9bb0 Uncommon trap: reason=unstable_if action=reinterpret pc=0x0000020840e70f64 method=org.jetbrains.org.objectweb.asm.ClassReader.readUtf(II[C)Ljava/lang/String; @ 41 c2
Event: 665.810 Thread 0x00000208548d9bb0 DEOPT PACKING pc=0x0000020840e70f64 sp=0x0000003a52af3090
Event: 665.810 Thread 0x00000208548d9bb0 DEOPT UNPACKING pc=0x00000208404f699e sp=0x0000003a52af3038 mode 2
Event: 665.830 Thread 0x00000208548d9bb0 Uncommon trap: trap_request=0xffffffc6 fr.pc=0x0000020840e85344 relative=0x0000000000000f04
Event: 665.830 Thread 0x00000208548d9bb0 Uncommon trap: reason=bimorphic_or_optimized_type_check action=maybe_recompile pc=0x0000020840e85344 method=org.jetbrains.kotlin.protobuf.CodedInputStream.tryRefillBuffer(I)Z @ 177 c2
Event: 665.830 Thread 0x00000208548d9bb0 DEOPT PACKING pc=0x0000020840e85344 sp=0x0000003a52af3330
Event: 665.830 Thread 0x00000208548d9bb0 DEOPT UNPACKING pc=0x00000208404f699e sp=0x0000003a52af32a8 mode 2

Classes unloaded (0 events):
No events

Classes redefined (0 events):
No events

Internal exceptions (20 events):
Event: 413.770 Thread 0x00000208548d9bb0 Exception <a 'java/lang/NoSuchMethodError'{0x000000008a40a5f8}: 'java.lang.Object java.lang.invoke.DirectMethodHandle$Holder.invokeStaticInit(java.lang.Object, int)'> (0x000000008a40a5f8) 
thrown [s\src\hotspot\share\interpreter\linkResolver.cpp, line 771]
Event: 431.467 Thread 0x00000208548d9bb0 Implicit null exception at 0x0000020840a89f72 to 0x0000020840a8a494
Event: 432.524 Thread 0x00000208548d9bb0 Implicit null exception at 0x0000020840a86572 to 0x0000020840a86aac
Event: 435.330 Thread 0x00000208548d9bb0 Exception <a 'sun/nio/fs/WindowsException'{0x0000000087b8af78}> (0x0000000087b8af78) 
thrown [s\src\hotspot\share\prims\jni.cpp, line 531]
Event: 435.339 Thread 0x00000208548d9bb0 Exception <a 'sun/nio/fs/WindowsException'{0x0000000087b8cd30}> (0x0000000087b8cd30) 
thrown [s\src\hotspot\share\prims\jni.cpp, line 531]
Event: 440.630 Thread 0x00000208548d9bb0 Exception <a 'java/lang/NoSuchMethodError'{0x000000008ab75e48}: 'long java.lang.invoke.DirectMethodHandle$Holder.invokeStatic(java.lang.Object)'> (0x000000008ab75e48) 
thrown [s\src\hotspot\share\interpreter\linkResolver.cpp, line 771]
Event: 440.789 Thread 0x00000208548d9bb0 Exception <a 'java/lang/NoSuchMethodError'{0x000000008ab7ac90}: 'long java.lang.invoke.DirectMethodHandle$Holder.invokeStaticInit(java.lang.Object)'> (0x000000008ab7ac90) 
thrown [s\src\hotspot\share\interpreter\linkResolver.cpp, line 771]
Event: 442.824 Thread 0x00000208548d9bb0 Exception <a 'java/lang/NoSuchMethodError'{0x000000008a6dbf40}: 'long java.lang.invoke.Invokers$Holder.invoke_MT(java.lang.Object, java.lang.Object, java.lang.Object, java.lang.Object)'> (0x000000008a6dbf40) 
thrown [s\src\hotspot\share\interpreter\linkResolver.cpp, line 771]
Event: 443.329 Thread 0x00000208548d9bb0 Exception <a 'java/lang/NoSuchMethodError'{0x000000008a6e5590}: 'int java.lang.invoke.Invokers$Holder.invoke_MT(java.lang.Object, java.lang.Object, java.lang.Object, java.lang.Object)'> (0x000000008a6e5590) 
thrown [s\src\hotspot\share\interpreter\linkResolver.cpp, line 771]
Event: 443.426 Thread 0x00000208548d9bb0 Exception <a 'java/lang/NoSuchMethodError'{0x000000008a6f6478}: 'void java.lang.invoke.DelegatingMethodHandle$Holder.reinvoke_L(java.lang.Object, java.lang.Object, java.lang.Object, long, java.lang.Object)'> (0x000000008a6f6478) 
thrown [s\src\hotspot\share\interpreter\linkResolver.cpp, line 771]
Event: 443.541 Thread 0x00000208548d9bb0 Exception <a 'java/lang/NoSuchMethodError'{0x000000008a6ff050}: 'java.lang.Object java.lang.invoke.DirectMethodHandle$Holder.invokeSpecial(java.lang.Object, java.lang.Object, java.lang.Object, java.lang.Object, long)'> (0x000000008a6ff050) 
thrown [s\src\hotspot\share\interpreter\linkResolver.cpp, line 771]
Event: 443.609 Thread 0x00000208548d9bb0 Exception <a 'java/lang/NoSuchMethodError'{0x000000008a5122a8}: 'int java.lang.invoke.DelegatingMethodHandle$Holder.reinvoke_L(java.lang.Object, java.lang.Object, java.lang.Object, long, java.lang.Object, java.lang.Object)'> (0x000000008a5122a8) 
thrown [s\src\hotspot\share\interpreter\linkResolver.cpp, line 771]
Event: 443.672 Thread 0x00000208548d9bb0 Exception <a 'java/lang/NoSuchMethodError'{0x000000008a522590}: 'int java.lang.invoke.DelegatingMethodHandle$Holder.reinvoke_L(java.lang.Object, java.lang.Object, java.lang.Object, long, int, int)'> (0x000000008a522590) 
thrown [s\src\hotspot\share\interpreter\linkResolver.cpp, line 771]
Event: 443.707 Thread 0x00000208548d9bb0 Exception <a 'java/lang/NoSuchMethodError'{0x000000008a532620}: 'int java.lang.invoke.DelegatingMethodHandle$Holder.reinvoke_L(java.lang.Object, java.lang.Object, java.lang.Object, long, long, long)'> (0x000000008a532620) 
thrown [s\src\hotspot\share\interpreter\linkResolver.cpp, line 771]
Event: 443.727 Thread 0x00000208548d9bb0 Exception <a 'java/lang/NoSuchMethodError'{0x000000008a542390}: 'int java.lang.invoke.DelegatingMethodHandle$Holder.reinvoke_L(java.lang.Object, java.lang.Object, java.lang.Object, long, int)'> (0x000000008a542390) 
thrown [s\src\hotspot\share\interpreter\linkResolver.cpp, line 771]
Event: 455.107 Thread 0x00000208548d9bb0 Implicit null exception at 0x0000020840cb3793 to 0x0000020840cb3898
Event: 464.933 Thread 0x00000208548d9bb0 Exception <a 'java/lang/NoSuchMethodError'{0x000000008b0a14d0}: 'java.lang.Object java.lang.invoke.Invokers$Holder.invokeExact_MT(java.lang.Object, java.lang.Object, long, java.lang.Object)'> (0x000000008b0a14d0) 
thrown [s\src\hotspot\share\interpreter\linkResolver.cpp, line 771]
Event: 467.355 Thread 0x00000208548d9bb0 Exception <a 'java/lang/NoSuchMethodError'{0x000000008ad2d850}: 'java.lang.Object java.lang.invoke.Invokers$Holder.invoke_MT(java.lang.Object, java.lang.Object, java.lang.Object)'> (0x000000008ad2d850) 
thrown [s\src\hotspot\share\interpreter\linkResolver.cpp, line 771]
Event: 473.894 Thread 0x00000208548d9bb0 Implicit null exception at 0x0000020840e3e612 to 0x0000020840e3fed4
Event: 473.894 Thread 0x00000208548d9bb0 Implicit null exception at 0x0000020840e42456 to 0x0000020840e44350

VM Operations (20 events):
Event: 633.367 Executing VM operation: Cleanup done
Event: 634.374 Executing VM operation: Cleanup
Event: 634.375 Executing VM operation: Cleanup done
Event: 637.150 Executing VM operation: HandshakeAllThreads
Event: 637.157 Executing VM operation: HandshakeAllThreads done
Event: 639.157 Executing VM operation: Cleanup
Event: 639.183 Executing VM operation: Cleanup done
Event: 653.936 Executing VM operation: HandshakeAllThreads
Event: 653.962 Executing VM operation: HandshakeAllThreads done
Event: 654.961 Executing VM operation: Cleanup
Event: 654.972 Executing VM operation: Cleanup done
Event: 656.981 Executing VM operation: Cleanup
Event: 656.993 Executing VM operation: Cleanup done
Event: 662.510 Executing VM operation: HandshakeAllThreads
Event: 662.535 Executing VM operation: HandshakeAllThreads done
Event: 663.543 Executing VM operation: Cleanup
Event: 663.544 Executing VM operation: Cleanup done
Event: 666.568 Executing VM operation: Cleanup
Event: 666.596 Executing VM operation: Cleanup done
Event: 668.176 Executing VM operation: G1CollectForAllocation

Events (20 events):
Event: 467.313 loading class java/nio/channels/FileChannel$MapMode done
Event: 467.328 loading class jdk/internal/misc/ExtendedMapMode
Event: 467.329 loading class jdk/internal/misc/ExtendedMapMode done
Event: 467.377 loading class sun/nio/ch/FileChannelImpl$DefaultUnmapper
Event: 467.378 loading class sun/nio/ch/FileChannelImpl$Unmapper
Event: 467.379 loading class jdk/internal/access/foreign/UnmapperProxy
Event: 467.379 loading class jdk/internal/access/foreign/UnmapperProxy done
Event: 467.379 loading class sun/nio/ch/FileChannelImpl$Unmapper done
Event: 467.379 loading class sun/nio/ch/FileChannelImpl$DefaultUnmapper done
Event: 467.382 loading class sun/nio/ch/Util$4
Event: 467.383 loading class sun/nio/ch/Util$4 done
Event: 467.429 loading class java/io/UTFDataFormatException
Event: 467.433 loading class java/io/UTFDataFormatException done
Event: 471.306 Thread 0x00000208555974d0 Thread exited: 0x00000208555974d0
Event: 480.228 loading class java/nio/channels/NonWritableChannelException
Event: 480.289 loading class java/nio/channels/NonWritableChannelException done
Event: 667.597 loading class java/text/StringCharacterIterator
Event: 667.642 loading class java/text/CharacterIterator
Event: 667.648 loading class java/text/CharacterIterator done
Event: 667.648 loading class java/text/StringCharacterIterator done


Dynamic libraries:
0x00007ff7c0170000 - 0x00007ff7c017a000 	C:\Program Files\Android\Android Studio\jbr\bin\java.exe
0x00007ffbf1c50000 - 0x00007ffbf1e48000 	C:\WINDOWS\SYSTEM32\ntdll.dll
0x00007ffbf12b0000 - 0x00007ffbf1371000 	C:\WINDOWS\System32\KERNEL32.DLL
0x00007ffbef7f0000 - 0x00007ffbefae6000 	C:\WINDOWS\System32\KERNELBASE.dll
0x00007ffbef350000 - 0x00007ffbef450000 	C:\WINDOWS\System32\ucrtbase.dll
0x00007ffbe1b70000 - 0x00007ffbe1b87000 	C:\Program Files\Android\Android Studio\jbr\bin\jli.dll
0x00007ffbdb5c0000 - 0x00007ffbdb5db000 	C:\Program Files\Android\Android Studio\jbr\bin\VCRUNTIME140.dll
0x00007ffbf0370000 - 0x00007ffbf050f000 	C:\WINDOWS\System32\USER32.dll
0x00007ffbef5b0000 - 0x00007ffbef5d2000 	C:\WINDOWS\System32\win32u.dll
0x00007ffbf1280000 - 0x00007ffbf12ab000 	C:\WINDOWS\System32\GDI32.dll
0x00007ffbefaf0000 - 0x00007ffbefc07000 	C:\WINDOWS\System32\gdi32full.dll
0x00007ffbef750000 - 0x00007ffbef7ed000 	C:\WINDOWS\System32\msvcp_win.dll
0x00007ffbe0cc0000 - 0x00007ffbe0f5a000 	C:\WINDOWS\WinSxS\amd64_microsoft.windows.common-controls_6595b64144ccf1df_6.0.19041.4355_none_60b8b9eb71f62e16\COMCTL32.dll
0x00007ffbf11e0000 - 0x00007ffbf127e000 	C:\WINDOWS\System32\msvcrt.dll
0x00007ffbf15a0000 - 0x00007ffbf15cf000 	C:\WINDOWS\System32\IMM32.DLL
0x00007ffbe5020000 - 0x00007ffbe502c000 	C:\Program Files\Android\Android Studio\jbr\bin\vcruntime140_1.dll
0x00007ffbcf010000 - 0x00007ffbcf09d000 	C:\Program Files\Android\Android Studio\jbr\bin\msvcp140.dll
0x00007ffbba170000 - 0x00007ffbbadf3000 	C:\Program Files\Android\Android Studio\jbr\bin\server\jvm.dll
0x00007ffbf1b60000 - 0x00007ffbf1c10000 	C:\WINDOWS\System32\ADVAPI32.dll
0x00007ffbf00f0000 - 0x00007ffbf0190000 	C:\WINDOWS\System32\sechost.dll
0x00007ffbf0ec0000 - 0x00007ffbf0fe3000 	C:\WINDOWS\System32\RPCRT4.dll
0x00007ffbef5e0000 - 0x00007ffbef607000 	C:\WINDOWS\System32\bcrypt.dll
0x00007ffbef150000 - 0x00007ffbef19b000 	C:\WINDOWS\SYSTEM32\POWRPROF.dll
0x00007ffbe9810000 - 0x00007ffbe9819000 	C:\WINDOWS\SYSTEM32\WSOCK32.dll
0x00007ffbf10c0000 - 0x00007ffbf112b000 	C:\WINDOWS\System32\WS2_32.dll
0x00007ffbde4e0000 - 0x00007ffbde507000 	C:\WINDOWS\SYSTEM32\WINMM.dll
0x00007ffbddcf0000 - 0x00007ffbddcfa000 	C:\WINDOWS\SYSTEM32\VERSION.dll
0x00007ffbef130000 - 0x00007ffbef142000 	C:\WINDOWS\SYSTEM32\UMPDC.dll
0x00007ffbed180000 - 0x00007ffbed192000 	C:\WINDOWS\SYSTEM32\kernel.appcore.dll
0x00007ffbe82b0000 - 0x00007ffbe82ba000 	C:\Program Files\Android\Android Studio\jbr\bin\jimage.dll
0x00007ffbda470000 - 0x00007ffbda654000 	C:\WINDOWS\SYSTEM32\DBGHELP.DLL
0x00007ffbda430000 - 0x00007ffbda464000 	C:\WINDOWS\SYSTEM32\dbgcore.DLL
0x00007ffbef610000 - 0x00007ffbef692000 	C:\WINDOWS\System32\bcryptPrimitives.dll
0x00007ffbe5030000 - 0x00007ffbe503e000 	C:\Program Files\Android\Android Studio\jbr\bin\instrument.dll
0x00007ffbe3460000 - 0x00007ffbe3485000 	C:\Program Files\Android\Android Studio\jbr\bin\java.dll
0x00007ffbe8290000 - 0x00007ffbe82a8000 	C:\Program Files\Android\Android Studio\jbr\bin\zip.dll
0x00007ffbf0750000 - 0x00007ffbf0ebc000 	C:\WINDOWS\System32\SHELL32.dll
0x00007ffbed380000 - 0x00007ffbedb1e000 	C:\WINDOWS\SYSTEM32\windows.storage.dll
0x00007ffbefc80000 - 0x00007ffbeffd3000 	C:\WINDOWS\System32\combase.dll
0x00007ffbeec50000 - 0x00007ffbeec7e000 	C:\WINDOWS\SYSTEM32\Wldp.dll
0x00007ffbf0ff0000 - 0x00007ffbf10bd000 	C:\WINDOWS\System32\OLEAUT32.dll
0x00007ffbf1130000 - 0x00007ffbf11dd000 	C:\WINDOWS\System32\SHCORE.dll
0x00007ffbf1380000 - 0x00007ffbf13d5000 	C:\WINDOWS\System32\shlwapi.dll
0x00007ffbef230000 - 0x00007ffbef254000 	C:\WINDOWS\SYSTEM32\profapi.dll
0x00007ffbe38a0000 - 0x00007ffbe38b9000 	C:\Program Files\Android\Android Studio\jbr\bin\net.dll
0x00007ffbe6590000 - 0x00007ffbe669a000 	C:\WINDOWS\SYSTEM32\WINHTTP.dll
0x00007ffbee9b0000 - 0x00007ffbeea1a000 	C:\WINDOWS\system32\mswsock.dll
0x00007ffbe2a30000 - 0x00007ffbe2a46000 	C:\Program Files\Android\Android Studio\jbr\bin\nio.dll
0x00007ffbe59b0000 - 0x00007ffbe59c0000 	C:\Program Files\Android\Android Studio\jbr\bin\verify.dll
0x00007ffbe1e30000 - 0x00007ffbe1e57000 	C:\Users\Janvi Rathod\.gradle\native\c067742578af261105cb4f569cf0c3c89f3d7b1fecec35dd04571415982c5e48\windows-amd64\native-platform.dll
0x00007ffbc6dd0000 - 0x00007ffbc6f14000 	C:\Users\Janvi Rathod\.gradle\native\38dada09dfb8b06ba9b0570ebf7e218e3eb74d4ef43ca46872605cf95ebc2f47\windows-amd64\native-platform-file-events.dll
0x00007ffbe6c40000 - 0x00007ffbe6c49000 	C:\Program Files\Android\Android Studio\jbr\bin\management.dll
0x00007ffbe59e0000 - 0x00007ffbe59eb000 	C:\Program Files\Android\Android Studio\jbr\bin\management_ext.dll
0x00007ffbf13e0000 - 0x00007ffbf13e8000 	C:\WINDOWS\System32\PSAPI.DLL
0x00007ffbeeba0000 - 0x00007ffbeebb8000 	C:\WINDOWS\SYSTEM32\CRYPTSP.dll
0x00007ffbee2d0000 - 0x00007ffbee304000 	C:\WINDOWS\system32\rsaenh.dll
0x00007ffbef1e0000 - 0x00007ffbef20e000 	C:\WINDOWS\SYSTEM32\USERENV.dll
0x00007ffbeebc0000 - 0x00007ffbeebcc000 	C:\WINDOWS\SYSTEM32\CRYPTBASE.dll
0x00007ffbee690000 - 0x00007ffbee6cb000 	C:\WINDOWS\SYSTEM32\IPHLPAPI.DLL
0x00007ffbf00d0000 - 0x00007ffbf00d8000 	C:\WINDOWS\System32\NSI.dll
0x00007ffbe8310000 - 0x00007ffbe8327000 	C:\WINDOWS\SYSTEM32\dhcpcsvc6.DLL
0x00007ffbe8440000 - 0x00007ffbe845d000 	C:\WINDOWS\SYSTEM32\dhcpcsvc.DLL
0x00007ffbee6d0000 - 0x00007ffbee79a000 	C:\WINDOWS\SYSTEM32\DNSAPI.dll
0x00007ffbe7e50000 - 0x00007ffbe7e59000 	C:\Program Files\Android\Android Studio\jbr\bin\extnet.dll
0x00007ffbe7e80000 - 0x00007ffbe7e87000 	C:\WINDOWS\system32\wshunix.dll

dbghelp: loaded successfully - version: 4.0.5 - missing functions: none
symbol engine: initialized successfully - sym options: 0x614 - pdb path: .;C:\Program Files\Android\Android Studio\jbr\bin;C:\WINDOWS\SYSTEM32;C:\WINDOWS\WinSxS\amd64_microsoft.windows.common-controls_6595b64144ccf1df_6.0.19041.4355_none_60b8b9eb71f62e16;C:\Program Files\Android\Android Studio\jbr\bin\server;C:\Users\Janvi Rathod\.gradle\native\c067742578af261105cb4f569cf0c3c89f3d7b1fecec35dd04571415982c5e48\windows-amd64;C:\Users\Janvi Rathod\.gradle\native\38dada09dfb8b06ba9b0570ebf7e218e3eb74d4ef43ca46872605cf95ebc2f47\windows-amd64

VM Arguments:
jvm_args: --add-opens=java.base/java.util=ALL-UNNAMED --add-opens=java.base/java.lang=ALL-UNNAMED --add-opens=java.base/java.lang.invoke=ALL-UNNAMED --add-opens=java.prefs/java.util.prefs=ALL-UNNAMED --add-opens=java.base/java.nio.charset=ALL-UNNAMED --add-opens=java.base/java.net=ALL-UNNAMED --add-opens=java.base/java.util.concurrent.atomic=ALL-UNNAMED -Xmx2048m -Dfile.encoding=UTF-8 -Duser.country=US -Duser.language=en -Duser.variant -javaagent:C:\Users\Janvi Rathod\.gradle\wrapper\dists\gradle-8.7-bin\bhs2wmbdwecv87pi65oeuq5iu\gradle-8.7\lib\agents\gradle-instrumentation-agent-8.7.jar 
java_command: org.gradle.launcher.daemon.bootstrap.GradleDaemon 8.7
java_class_path (initial): C:\Users\Janvi Rathod\.gradle\wrapper\dists\gradle-8.7-bin\bhs2wmbdwecv87pi65oeuq5iu\gradle-8.7\lib\gradle-launcher-8.7.jar
Launcher Type: SUN_STANDARD

[Global flags]
     intx CICompilerCount                          = 3                                         {product} {ergonomic}
     uint ConcGCThreads                            = 1                                         {product} {ergonomic}
     uint G1ConcRefinementThreads                  = 4                                         {product} {ergonomic}
   size_t G1HeapRegionSize                         = 1048576                                   {product} {ergonomic}
    uintx GCDrainStackTargetSize                   = 64                                        {product} {ergonomic}
   size_t InitialHeapSize                          = 33554432                                  {product} {ergonomic}
   size_t MarkStackSize                            = 4194304                                   {product} {ergonomic}
   size_t MaxHeapSize                              = 2147483648                                {product} {command line}
   size_t MaxNewSize                               = 1287651328                                {product} {ergonomic}
   size_t MinHeapDeltaBytes                        = 1048576                                   {product} {ergonomic}
   size_t MinHeapSize                              = 8388608                                   {product} {ergonomic}
    uintx NonNMethodCodeHeapSize                   = 5832780                                {pd product} {ergonomic}
    uintx NonProfiledCodeHeapSize                  = 122912730                              {pd product} {ergonomic}
    uintx ProfiledCodeHeapSize                     = 122912730                              {pd product} {ergonomic}
    uintx ReservedCodeCacheSize                    = 251658240                              {pd product} {ergonomic}
     bool SegmentedCodeCache                       = true                                      {product} {ergonomic}
   size_t SoftMaxHeapSize                          = 2147483648                             {manageable} {ergonomic}
     bool UseCompressedClassPointers               = true                           {product lp64_product} {ergonomic}
     bool UseCompressedOops                        = true                           {product lp64_product} {ergonomic}
     bool UseG1GC                                  = true                                      {product} {ergonomic}
     bool UseLargePagesIndividualAllocation        = false                                  {pd product} {ergonomic}

Logging:
Log output configuration:
 #0: stdout all=warning uptime,level,tags
 #1: stderr all=off uptime,level,tags

Environment Variables:
PATH=C:\WINDOWS\system32;C:\WINDOWS;C:\WINDOWS\System32\Wbem;C:\WINDOWS\System32\WindowsPowerShell\v1.0\;C:\WINDOWS\System32\OpenSSH\;C:\Program Files\Git\cmd;C:\Users\Janvi Rathod\AppData\Local\Microsoft\WindowsApps;
USERNAME=Janvi Rathod
OS=Windows_NT
PROCESSOR_IDENTIFIER=Intel64 Family 6 Model 55 Stepping 8, GenuineIntel
TMP=C:\Users\JANVIR~1\AppData\Local\Temp
TEMP=C:\Users\JANVIR~1\AppData\Local\Temp



Periodic native trim disabled

JNI global refs:
JNI global refs: 26, weak refs: 0

JNI global refs memory usage: 843, weak refs: 209

Process memory usage:
Resident Set Size: 74976K (3% of 1981020K total physical memory with 48416K free physical memory)

OOME stack traces (most recent first):
Classloader memory used:
Loader org.gradle.internal.classloader.VisitableURLClassLoader                         : 7631K
Loader bootstrap                                                                       : 2554K
Loader org.gradle.initialization.MixInLegacyTypesClassLoader                           : 1121K
Loader org.gradle.internal.classloader.VisitableURLClassLoader                         : 116K
Loader org.gradle.internal.classloader.VisitableURLClassLoader$InstrumentingVisitableURLClassLoader: 90403B
Loader jdk.internal.loader.ClassLoaders$PlatformClassLoader                            : 66242B
Loader jdk.internal.jrtfs.JrtFileSystemProvider$JrtFsLoader                            : 38180B
Loader jdk.internal.reflect.DelegatingClassLoader                                      : 37385B
Loader jdk.internal.loader.ClassLoaders$AppClassLoader                                 : 28749B
Loader org.gradle.groovy.scripts.internal.DefaultScriptCompilationHandler$ScriptClassLoader: 10932B
Loader org.codehaus.groovy.runtime.callsite.CallSiteClassLoader                        : 6077B

Classes loaded by more than one classloader:
Class org.gradle.internal.Cast                                                        : loaded 3 times (x 69B)
Class Program                                                                         : loaded 3 times (x 70B)
Class org.gradle.api.GradleException                                                  : loaded 3 times (x 80B)
Class org.gradle.internal.classpath.ClassPath                                         : loaded 2 times (x 68B)
Class org.gradle.api.internal.classpath.DefaultModuleRegistry                         : loaded 2 times (x 84B)
Class org.gradle.internal.exceptions.NonGradleCauseExceptionsHolder                   : loaded 2 times (x 68B)
Class Settings_gradle$1$1                                                             : loaded 2 times (x 72B)
Class jdk.internal.jimage.BasicImageReader$1                                          : loaded 2 times (x 75B)
Class org.gradle.api.Action                                                           : loaded 2 times (x 68B)
Class org.jetbrains.kotlin.idea.gradleTooling.model.samWithReceiver.SamWithReceiverModel: loaded 2 times (x 68B)
Class org.jetbrains.plugins.gradle.model.ExternalProject                              : loaded 2 times (x 68B)
Class org.jetbrains.plugins.gradle.model.IntelliJSettings                             : loaded 2 times (x 68B)
Class jdk.internal.jimage.ImageBufferCache$1                                          : loaded 2 times (x 78B)
Class jdk.internal.jimage.ImageBufferCache$2                                          : loaded 2 times (x 89B)
Class org.jetbrains.kotlin.idea.gradleTooling.KotlinMPPGradleModel                    : loaded 2 times (x 68B)
Class org.gradle.api.internal.DefaultClassPathProvider                                : loaded 2 times (x 74B)
Class org.gradle.internal.installation.GradleInstallation$1                           : loaded 2 times (x 73B)
Class jdk.internal.jrtfs.SystemImage$1                                                : loaded 2 times (x 76B)
Class jdk.internal.jrtfs.SystemImage$2                                                : loaded 2 times (x 74B)
Class org.gradle.internal.exceptions.DefaultMultiCauseException                       : loaded 2 times (x 93B)
Class org.gradle.tooling.model.UnsupportedMethodException                             : loaded 2 times (x 80B)
Class org.gradle.internal.time.MonotonicClock                                         : loaded 2 times (x 75B)
Class org.gradle.internal.classloader.FilteringClassLoader                            : loaded 2 times (x 103B)
Class jdk.internal.jimage.ImageReader$Resource                                        : loaded 2 times (x 82B)
Class jdk.internal.jrtfs.SystemImage                                                  : loaded 2 times (x 72B)
Class org.gradle.tooling.model.Model                                                  : loaded 2 times (x 68B)
Class org.gradle.internal.classpath.DefaultClassPath$ImmutableUniqueList$Builder      : loaded 2 times (x 73B)
Class org.jetbrains.kotlin.idea.gradleTooling.KotlinSourceSetContainer                : loaded 2 times (x 68B)
Class jdk.internal.jrtfs.JrtDirectoryStream$1                                         : loaded 2 times (x 81B)
Class org.gradle.internal.classloader.ClassLoaderVisitor                              : loaded 2 times (x 74B)
Class org.gradle.internal.time.DefaultCountdownTimer                                  : loaded 2 times (x 86B)
Class sync_studio_tooling9_919rheo76hr99we1yz1hyr8no$_run_closure1                    : loaded 2 times (x 137B)
Class org.gradle.internal.service.DefaultServiceLocator                               : loaded 2 times (x 81B)
Class org.jetbrains.plugins.gradle.model.jar.JarTaskManifestConfiguration             : loaded 2 times (x 68B)
Class org.gradle.internal.service.UnknownServiceException                             : loaded 2 times (x 81B)
Class org.jetbrains.plugins.gradle.model.DependencyAccessorsModel                     : loaded 2 times (x 68B)
Class org.gradle.internal.classloader.DefaultClassLoaderFactory                       : loaded 2 times (x 80B)
Class jdk.internal.jimage.ImageReader$SharedImageReader                               : loaded 2 times (x 93B)
Class org.jetbrains.plugins.gradle.model.GradleExtensions                             : loaded 2 times (x 68B)
Class ijInit1_7ehcyjc6lzsny9frrp7umtye1                                               : loaded 2 times (x 177B)
Class jdk.internal.jimage.decompressor.ZipDecompressorFactory                         : loaded 2 times (x 72B)
Class org.jetbrains.plugins.gradle.model.VersionCatalogsModel                         : loaded 2 times (x 68B)
Class org.gradle.internal.classloader.VisitableURLClassLoader$Spec                    : loaded 2 times (x 72B)
Class org.gradle.tooling.model.ProjectModel                                           : loaded 2 times (x 68B)
Class org.jetbrains.plugins.gradle.model.MavenRepositoryModel                         : loaded 2 times (x 68B)
Class org.gradle.util.GradleVersion                                                   : loaded 2 times (x 81B)
Class org.gradle.api.internal.classpath.ModuleRegistry                                : loaded 2 times (x 68B)
Class org.jetbrains.plugins.gradle.model.RepositoriesModel                            : loaded 2 times (x 68B)
Class kotlin.jvm.internal.markers.KMappedMarker                                       : loaded 2 times (x 68B)
Class org.gradle.api.internal.ClassPathProvider                                       : loaded 2 times (x 68B)
Class org.gradle.internal.classloader.ClasspathUtil$1                                 : loaded 2 times (x 74B)
Class org.gradle.internal.classloader.ClassLoaderFactory                              : loaded 2 times (x 68B)
Class jdk.internal.jimage.ImageHeader                                                 : loaded 2 times (x 69B)
Class org.gradle.api.internal.classpath.ManifestUtil                                  : loaded 2 times (x 69B)
Class org.gradle.api.specs.Spec                                                       : loaded 2 times (x 68B)
Class org.gradle.tooling.internal.gradle.GradleBuildIdentity                          : loaded 2 times (x 68B)
Class org.gradle.internal.IoActions                                                   : loaded 2 times (x 69B)
Class jdk.internal.jimage.decompressor.StringSharingDecompressorFactory               : loaded 2 times (x 72B)
Class org.gradle.api.internal.classpath.EffectiveClassPath                            : loaded 2 times (x 88B)
Class kotlin.jvm.internal.DefaultConstructorMarker                                    : loaded 2 times (x 69B)
Class org.gradle.internal.exceptions.ResolutionProvider                               : loaded 2 times (x 68B)
Class org.jetbrains.kotlin.idea.gradleTooling.model.annotation.AnnotationBasedPluginModel: loaded 2 times (x 68B)
Class org.jetbrains.kotlin.idea.gradleTooling.model.assignment.AssignmentModel        : loaded 2 times (x 68B)
Class org.gradle.internal.installation.CurrentGradleInstallation                      : loaded 2 times (x 71B)
Class org.gradle.internal.agents.InstrumentingClassLoader                             : loaded 2 times (x 68B)
Class org.gradle.internal.installation.CurrentGradleInstallationLocator               : loaded 2 times (x 69B)
Class org.gradle.api.internal.classpath.Module                                        : loaded 2 times (x 68B)
Class org.gradle.internal.service.CachingServiceLocator                               : loaded 2 times (x 80B)
Class org.gradle.internal.time.Timer                                                  : loaded 2 times (x 68B)
Class org.jetbrains.plugins.gradle.model.tests.ExternalTestsModel                     : loaded 2 times (x 68B)
Class org.jetbrains.kotlin.idea.gradleTooling.KotlinDslScriptAdditionalTask           : loaded 2 times (x 68B)
Class org.gradle.internal.classpath.DefaultClassPath                                  : loaded 2 times (x 88B)
Class jdk.internal.jimage.BasicImageReader                                            : loaded 2 times (x 93B)
Class com.intellij.openapi.externalSystem.model.project.dependencies.ProjectDependencies: loaded 2 times (x 68B)
Class org.jetbrains.kotlin.idea.gradleTooling.PrepareKotlinIdeImportTaskModel         : loaded 2 times (x 68B)
Class jdk.internal.jimage.ImageLocation                                               : loaded 2 times (x 88B)
Class org.gradle.internal.impldep.com.google.common.base.Preconditions                : loaded 2 times (x 69B)
Class kotlin.jvm.functions.Function1                                                  : loaded 2 times (x 68B)
Class jdk.internal.jimage.ImageReader$Node                                            : loaded 2 times (x 82B)
Class org.gradle.internal.time.Time                                                   : loaded 2 times (x 69B)
Class jdk.internal.jimage.decompressor.CompressedResourceHeader                       : loaded 2 times (x 69B)
Class org.gradle.internal.time.TimeSource$1                                           : loaded 2 times (x 75B)
Class jdk.internal.jrtfs.JrtPath                                                      : loaded 2 times (x 116B)
Class jdk.internal.jimage.ImageStrings                                                : loaded 2 times (x 68B)
Class jdk.internal.jrtfs.JrtFileAttributes                                            : loaded 2 times (x 81B)
Class org.gradle.internal.classloader.SystemClassLoaderSpec                           : loaded 2 times (x 69B)
Class jdk.internal.jimage.decompressor.ResourceDecompressorRepository                 : loaded 2 times (x 69B)
Class kotlin.Function                                                                 : loaded 2 times (x 68B)
Class org.gradle.api.UncheckedIOException                                             : loaded 2 times (x 80B)
Class jdk.internal.jimage.decompressor.ResourceDecompressor$StringsProvider           : loaded 2 times (x 68B)
Class org.gradle.tooling.internal.gradle.DefaultProjectIdentifier                     : loaded 2 times (x 84B)
Class jdk.internal.jimage.decompressor.Decompressor                                   : loaded 2 times (x 70B)
Class jdk.internal.jrtfs.JrtFileSystem                                                : loaded 2 times (x 100B)
Class org.gradle.tooling.internal.gradle.GradleProjectIdentity                        : loaded 2 times (x 68B)
Class jdk.internal.jrtfs.JrtFileSystemProvider                                        : loaded 2 times (x 97B)
Class org.gradle.internal.time.CountdownTimer                                         : loaded 2 times (x 68B)
Class org.gradle.internal.time.Clock                                                  : loaded 2 times (x 68B)
Class org.gradle.internal.classloader.ClasspathUtil                                   : loaded 2 times (x 69B)
Class jdk.internal.jrtfs.JrtDirectoryStream                                           : loaded 2 times (x 87B)
Class org.gradle.tooling.model.BuildIdentifier                                        : loaded 2 times (x 68B)
Class jdk.internal.jimage.decompressor.ResourceDecompressor                           : loaded 2 times (x 68B)
Class org.gradle.api.internal.DefaultClassPathRegistry                                : loaded 2 times (x 74B)
Class org.gradle.api.internal.classpath.DefaultModuleRegistry$DefaultModule           : loaded 2 times (x 84B)
Class org.gradle.internal.time.TimeSource                                             : loaded 2 times (x 68B)
Class org.jetbrains.kotlin.android.synthetic.idea.AndroidExtensionsGradleModel        : loaded 2 times (x 68B)
Class org.gradle.api.internal.classpath.UnknownModuleException                        : loaded 2 times (x 80B)
Class sync_studio_tooling9_919rheo76hr99we1yz1hyr8no                                  : loaded 2 times (x 177B)
Class org.jetbrains.plugins.gradle.model.IntelliJProjectSettings                      : loaded 2 times (x 68B)
Class org.gradle.internal.service.ServiceLookupException                              : loaded 2 times (x 80B)
Class jdk.internal.jimage.ImageStringsReader                                          : loaded 2 times (x 78B)
Class org.gradle.cache.GlobalCache                                                    : loaded 2 times (x 68B)
Class jdk.internal.jimage.decompressor.ResourceDecompressorFactory                    : loaded 2 times (x 72B)
Class org.jetbrains.kotlin.idea.gradleTooling.model.lombok.LombokModel                : loaded 2 times (x 68B)
Class org.gradle.tooling.model.ProjectIdentifier                                      : loaded 2 times (x 68B)
Class [Lorg.gradle.api.internal.ClassPathProvider;                                    : loaded 2 times (x 67B)
Class jdk.internal.jimage.ImageReader$SharedImageReader$LocationVisitor               : loaded 2 times (x 68B)
Class org.gradle.internal.operations.MultipleBuildOperationFailures                   : loaded 2 times (x 93B)
Class org.gradle.util.internal.GUtil                                                  : loaded 2 times (x 69B)
Class jdk.internal.jimage.decompressor.ZipDecompressor                                : loaded 2 times (x 73B)
Class org.jetbrains.plugins.gradle.model.AnnotationProcessingModel                    : loaded 2 times (x 68B)
Class org.gradle.internal.classloader.ClassLoaderSpec                                 : loaded 2 times (x 69B)
Class org.gradle.internal.classloader.VisitableURLClassLoader                         : loaded 2 times (x 115B)
Class org.gradle.internal.installation.GradleInstallation                             : loaded 2 times (x 73B)
Class org.gradle.api.internal.ClassPathRegistry                                       : loaded 2 times (x 68B)
Class org.gradle.internal.classloader.VisitableURLClassLoader$InstrumentingVisitableURLClassLoader: loaded 2 times (x 121B)
Class org.gradle.internal.classloader.ClassLoaderHierarchy                            : loaded 2 times (x 68B)
Class org.gradle.internal.exceptions.MultiCauseException                              : loaded 2 times (x 68B)
Class jdk.internal.jimage.ImageReader                                                 : loaded 2 times (x 73B)
Class org.jetbrains.kotlin.idea.gradleTooling.model.parcelize.ParcelizeGradleModel    : loaded 2 times (x 68B)
Class org.gradle.internal.InternalTransformer                                         : loaded 2 times (x 68B)
Class org.jetbrains.kotlin.idea.gradleTooling.model.noarg.NoArgModel                  : loaded 2 times (x 68B)
Class org.jetbrains.kotlin.idea.gradleTooling.KotlinGradleModel                       : loaded 2 times (x 68B)
Class org.gradle.tooling.internal.gradle.DefaultBuildIdentifier                       : loaded 2 times (x 77B)
Class org.gradle.internal.service.ServiceLocator                                      : loaded 2 times (x 68B)
Class Settings_gradle$1                                                               : loaded 2 times (x 72B)
Class org.jetbrains.kotlin.idea.gradleTooling.model.allopen.AllOpenModel              : loaded 2 times (x 68B)
Class org.gradle.internal.classpath.DefaultClassPath$ImmutableUniqueList              : loaded 2 times (x 159B)
Class jdk.internal.jimage.ImageBufferCache                                            : loaded 2 times (x 69B)
Class org.gradle.internal.time.DefaultTimer                                           : loaded 2 times (x 78B)
Class org.gradle.internal.classpath.TransformedClassPath                              : loaded 2 times (x 94B)
Class Settings_gradle                                                                 : loaded 2 times (x 126B)
Class jdk.internal.jimage.ImageReader$Directory                                       : loaded 2 times (x 82B)


---------------  S Y S T E M  ---------------

OS:
 Windows 10 , 64 bit Build 19041 (10.0.19041.4597)
OS uptime: 7 days 13:58 hours

CPU: total 4 (initial active 4) (4 cores per cpu, 1 threads per core) family 6 model 55 stepping 8 microcode 0x838, cx8, cmov, fxsr, mmx, 3dnowpref, sse, sse2, sse3, ssse3, sse4.1, sse4.2, popcnt, tsc, tscinvbit, erms, clmul, clflush
Processor Information for all 4 processors :
  Max Mhz: 1827, Current Mhz: 1827, Mhz Limit: 1827

Memory: 4k page, system-wide physical 1934M (69M free)
TotalPageFile size 7822M (AvailPageFile size 13M)
current process WorkingSet (physical memory assigned to process): 60M, peak: 143M
current process commit charge ("private bytes"): 457M, peak: 672M

vm_info: OpenJDK 64-Bit Server VM (17.0.11+0--11852314) for windows-amd64 JRE (17.0.11+0--11852314), built on May 16 2024 21:29:20 by "androidbuild" with MS VC++ 16.10 / 16.11 (VS2019)

END.
